The system is: Linux - 2.6.32-tuxonice - i686
Compiling the C compiler identification source file "CMakeCCompilerId.c" succeeded.
Compiler: /usr/bin/gcc 
Build flags: 
Id flags: 

The output was:
0


Compilation of the C compiler identification source "CMakeCCompilerId.c" produced "a.out"

The C compiler identification is GNU, found in "/home/cameron/pianobooster-src-0.6.4/build/CMakeFiles/CompilerIdC/a.out"

Compiling the CXX compiler identification source file "CMakeCXXCompilerId.cpp" succeeded.
Compiler: /usr/bin/c++ 
Build flags: 
Id flags: 

The output was:
0
CMakeCXXCompilerId.cpp:73: warning: deprecated conversion from string constant to ‘char*’
CMakeCXXCompilerId.cpp:163: warning: deprecated conversion from string constant to ‘char*’


Compilation of the CXX compiler identification source "CMakeCXXCompilerId.cpp" produced "a.out"

The CXX compiler identification is GNU, found in "/home/cameron/pianobooster-src-0.6.4/build/CMakeFiles/CompilerIdCXX/a.out"

Determining if the C compiler works passed with the following output:
Change Dir: /home/cameron/pianobooster-src-0.6.4/build/CMakeFiles/CMakeTmp

Run Build Command:/usr/bin/gmake "cmTryCompileExec/fast"
/usr/bin/gmake -f CMakeFiles/cmTryCompileExec.dir/build.make CMakeFiles/cmTryCompileExec.dir/build
gmake[1]: Entering directory `/home/cameron/pianobooster-src-0.6.4/build/CMakeFiles/CMakeTmp'
/usr/bin/cmake -E cmake_progress_report /home/cameron/pianobooster-src-0.6.4/build/CMakeFiles/CMakeTmp/CMakeFiles 1
Building C object CMakeFiles/cmTryCompileExec.dir/testCCompiler.c.o
/usr/bin/gcc    -o CMakeFiles/cmTryCompileExec.dir/testCCompiler.c.o   -c /home/cameron/pianobooster-src-0.6.4/build/CMakeFiles/CMakeTmp/testCCompiler.c
Linking C executable cmTryCompileExec
/usr/bin/cmake -E cmake_link_script CMakeFiles/cmTryCompileExec.dir/link.txt --verbose=1
/usr/bin/gcc        CMakeFiles/cmTryCompileExec.dir/testCCompiler.c.o  -o cmTryCompileExec -rdynamic 
gmake[1]: Leaving directory `/home/cameron/pianobooster-src-0.6.4/build/CMakeFiles/CMakeTmp'


Detecting C compiler ABI info compiled with the following output:
Change Dir: /home/cameron/pianobooster-src-0.6.4/build/CMakeFiles/CMakeTmp

Run Build Command:/usr/bin/gmake "cmTryCompileExec/fast"
/usr/bin/gmake -f CMakeFiles/cmTryCompileExec.dir/build.make CMakeFiles/cmTryCompileExec.dir/build
gmake[1]: Entering directory `/home/cameron/pianobooster-src-0.6.4/build/CMakeFiles/CMakeTmp'
/usr/bin/cmake -E cmake_progress_report /home/cameron/pianobooster-src-0.6.4/build/CMakeFiles/CMakeTmp/CMakeFiles 1
Building C object CMakeFiles/cmTryCompileExec.dir/CMakeCCompilerABI.c.o
/usr/bin/gcc    -o CMakeFiles/cmTryCompileExec.dir/CMakeCCompilerABI.c.o   -c /usr/share/cmake/Modules/CMakeCCompilerABI.c
Linking C executable cmTryCompileExec
/usr/bin/cmake -E cmake_link_script CMakeFiles/cmTryCompileExec.dir/link.txt --verbose=1
/usr/bin/gcc       -v CMakeFiles/cmTryCompileExec.dir/CMakeCCompilerABI.c.o  -o cmTryCompileExec -rdynamic  
Using built-in specs.
Target: i686-pc-linux-gnu
Configured with: /var/tmp/portage/sys-devel/gcc-4.3.3-r2/work/gcc-4.3.3/configure --prefix=/usr --bindir=/usr/i686-pc-linux-gnu/gcc-bin/4.3.3 --includedir=/usr/lib/gcc/i686-pc-linux-gnu/4.3.3/include --datadir=/usr/share/gcc-data/i686-pc-linux-gnu/4.3.3 --mandir=/usr/share/gcc-data/i686-pc-linux-gnu/4.3.3/man --infodir=/usr/share/gcc-data/i686-pc-linux-gnu/4.3.3/info --with-gxx-include-dir=/usr/lib/gcc/i686-pc-linux-gnu/4.3.3/include/g++-v4 --host=i686-pc-linux-gnu --build=i686-pc-linux-gnu --disable-altivec --disable-fixed-point --enable-nls --without-included-gettext --with-system-zlib --disable-checking --disable-werror --enable-secureplt --disable-multilib --enable-libmudflap --disable-libssp --enable-libgomp --enable-cld --disable-libgcj --with-arch=i686 --enable-languages=c,c++,treelang,fortran --enable-shared --enable-threads=posix --enable-__cxa_atexit --enable-clocale=gnu --with-bugurl=http://bugs.gentoo.org/ --with-pkgversion='Gentoo 4.3.3-r2 p1.2, pie-10.1.5'
Thread model: posix
gcc version 4.3.3 (Gentoo 4.3.3-r2 p1.2, pie-10.1.5) 
COMPILER_PATH=/usr/libexec/gcc/i686-pc-linux-gnu/4.3.3/:/usr/libexec/gcc/i686-pc-linux-gnu/4.3.3/:/usr/libexec/gcc/i686-pc-linux-gnu/:/usr/lib/gcc/i686-pc-linux-gnu/4.3.3/:/usr/lib/gcc/i686-pc-linux-gnu/:/usr/libexec/gcc/i686-pc-linux-gnu/4.3.3/:/usr/libexec/gcc/i686-pc-linux-gnu/:/usr/lib/gcc/i686-pc-linux-gnu/4.3.3/:/usr/lib/gcc/i686-pc-linux-gnu/:/usr/lib/gcc/i686-pc-linux-gnu/4.3.3/../../../../i686-pc-linux-gnu/bin/
LIBRARY_PATH=/usr/lib/gcc/i686-pc-linux-gnu/4.3.3/:/usr/lib/gcc/i686-pc-linux-gnu/4.3.3/:/usr/lib/gcc/i686-pc-linux-gnu/4.3.3/../../../../i686-pc-linux-gnu/lib/:/usr/lib/gcc/i686-pc-linux-gnu/4.3.3/../../../:/lib/:/usr/lib/
COLLECT_GCC_OPTIONS='-v' '-o' 'cmTryCompileExec' '-rdynamic' '-mtune=generic' '-march=i686'
 /usr/libexec/gcc/i686-pc-linux-gnu/4.3.3/collect2 --eh-frame-hdr -m elf_i386 -export-dynamic -dynamic-linker /lib/ld-linux.so.2 -o cmTryCompileExec /usr/lib/gcc/i686-pc-linux-gnu/4.3.3/../../../crt1.o /usr/lib/gcc/i686-pc-linux-gnu/4.3.3/../../../crti.o /usr/lib/gcc/i686-pc-linux-gnu/4.3.3/crtbegin.o -L/usr/lib/gcc/i686-pc-linux-gnu/4.3.3 -L/usr/lib/gcc/i686-pc-linux-gnu/4.3.3 -L/usr/lib/gcc/i686-pc-linux-gnu/4.3.3/../../../../i686-pc-linux-gnu/lib -L/usr/lib/gcc/i686-pc-linux-gnu/4.3.3/../../.. CMakeFiles/cmTryCompileExec.dir/CMakeCCompilerABI.c.o -lgcc --as-needed -lgcc_s --no-as-needed -lc -lgcc --as-needed -lgcc_s --no-as-needed /usr/lib/gcc/i686-pc-linux-gnu/4.3.3/crtend.o /usr/lib/gcc/i686-pc-linux-gnu/4.3.3/../../../crtn.o
gmake[1]: Leaving directory `/home/cameron/pianobooster-src-0.6.4/build/CMakeFiles/CMakeTmp'


Parsed C implicit link information from above output:
  link line regex: [^( *|.*[/\])(ld|ld|collect2)[^/\]*( |$)]
  ignore line: [Change Dir: /home/cameron/pianobooster-src-0.6.4/build/CMakeFiles/CMakeTmp]
  ignore line: []
  ignore line: [Run Build Command:/usr/bin/gmake "cmTryCompileExec/fast"]
  ignore line: [/usr/bin/gmake -f CMakeFiles/cmTryCompileExec.dir/build.make CMakeFiles/cmTryCompileExec.dir/build]
  ignore line: [gmake[1]: Entering directory `/home/cameron/pianobooster-src-0.6.4/build/CMakeFiles/CMakeTmp']
  ignore line: [/usr/bin/cmake -E cmake_progress_report /home/cameron/pianobooster-src-0.6.4/build/CMakeFiles/CMakeTmp/CMakeFiles 1]
  ignore line: [Building C object CMakeFiles/cmTryCompileExec.dir/CMakeCCompilerABI.c.o]
  ignore line: [/usr/bin/gcc    -o CMakeFiles/cmTryCompileExec.dir/CMakeCCompilerABI.c.o   -c /usr/share/cmake/Modules/CMakeCCompilerABI.c]
  ignore line: [Linking C executable cmTryCompileExec]
  ignore line: [/usr/bin/cmake -E cmake_link_script CMakeFiles/cmTryCompileExec.dir/link.txt --verbose=1]
  ignore line: [/usr/bin/gcc       -v CMakeFiles/cmTryCompileExec.dir/CMakeCCompilerABI.c.o  -o cmTryCompileExec -rdynamic  ]
  ignore line: [Using built-in specs.]
  ignore line: [Target: i686-pc-linux-gnu]
  ignore line: [Configured with: /var/tmp/portage/sys-devel/gcc-4.3.3-r2/work/gcc-4.3.3/configure --prefix=/usr --bindir=/usr/i686-pc-linux-gnu/gcc-bin/4.3.3 --includedir=/usr/lib/gcc/i686-pc-linux-gnu/4.3.3/include --datadir=/usr/share/gcc-data/i686-pc-linux-gnu/4.3.3 --mandir=/usr/share/gcc-data/i686-pc-linux-gnu/4.3.3/man --infodir=/usr/share/gcc-data/i686-pc-linux-gnu/4.3.3/info --with-gxx-include-dir=/usr/lib/gcc/i686-pc-linux-gnu/4.3.3/include/g++-v4 --host=i686-pc-linux-gnu --build=i686-pc-linux-gnu --disable-altivec --disable-fixed-point --enable-nls --without-included-gettext --with-system-zlib --disable-checking --disable-werror --enable-secureplt --disable-multilib --enable-libmudflap --disable-libssp --enable-libgomp --enable-cld --disable-libgcj --with-arch=i686 --enable-languages=c,c++,treelang,fortran --enable-shared --enable-threads=posix --enable-__cxa_atexit --enable-clocale=gnu --with-bugurl=http://bugs.gentoo.org/ --with-pkgversion='Gentoo 4.3.3-r2 p1.2, pie-10.1.5']
  ignore line: [Thread model: posix]
  ignore line: [gcc version 4.3.3 (Gentoo 4.3.3-r2 p1.2, pie-10.1.5) ]
  ignore line: [COMPILER_PATH=/usr/libexec/gcc/i686-pc-linux-gnu/4.3.3/:/usr/libexec/gcc/i686-pc-linux-gnu/4.3.3/:/usr/libexec/gcc/i686-pc-linux-gnu/:/usr/lib/gcc/i686-pc-linux-gnu/4.3.3/:/usr/lib/gcc/i686-pc-linux-gnu/:/usr/libexec/gcc/i686-pc-linux-gnu/4.3.3/:/usr/libexec/gcc/i686-pc-linux-gnu/:/usr/lib/gcc/i686-pc-linux-gnu/4.3.3/:/usr/lib/gcc/i686-pc-linux-gnu/:/usr/lib/gcc/i686-pc-linux-gnu/4.3.3/../../../../i686-pc-linux-gnu/bin/]
  ignore line: [LIBRARY_PATH=/usr/lib/gcc/i686-pc-linux-gnu/4.3.3/:/usr/lib/gcc/i686-pc-linux-gnu/4.3.3/:/usr/lib/gcc/i686-pc-linux-gnu/4.3.3/../../../../i686-pc-linux-gnu/lib/:/usr/lib/gcc/i686-pc-linux-gnu/4.3.3/../../../:/lib/:/usr/lib/]
  ignore line: [COLLECT_GCC_OPTIONS='-v' '-o' 'cmTryCompileExec' '-rdynamic' '-mtune=generic' '-march=i686']
  link line: [ /usr/libexec/gcc/i686-pc-linux-gnu/4.3.3/collect2 --eh-frame-hdr -m elf_i386 -export-dynamic -dynamic-linker /lib/ld-linux.so.2 -o cmTryCompileExec /usr/lib/gcc/i686-pc-linux-gnu/4.3.3/../../../crt1.o /usr/lib/gcc/i686-pc-linux-gnu/4.3.3/../../../crti.o /usr/lib/gcc/i686-pc-linux-gnu/4.3.3/crtbegin.o -L/usr/lib/gcc/i686-pc-linux-gnu/4.3.3 -L/usr/lib/gcc/i686-pc-linux-gnu/4.3.3 -L/usr/lib/gcc/i686-pc-linux-gnu/4.3.3/../../../../i686-pc-linux-gnu/lib -L/usr/lib/gcc/i686-pc-linux-gnu/4.3.3/../../.. CMakeFiles/cmTryCompileExec.dir/CMakeCCompilerABI.c.o -lgcc --as-needed -lgcc_s --no-as-needed -lc -lgcc --as-needed -lgcc_s --no-as-needed /usr/lib/gcc/i686-pc-linux-gnu/4.3.3/crtend.o /usr/lib/gcc/i686-pc-linux-gnu/4.3.3/../../../crtn.o]
    arg [/usr/libexec/gcc/i686-pc-linux-gnu/4.3.3/collect2] ==> ignore
    arg [--eh-frame-hdr] ==> ignore
    arg [-m] ==> ignore
    arg [elf_i386] ==> ignore
    arg [-export-dynamic] ==> ignore
    arg [-dynamic-linker] ==> ignore
    arg [/lib/ld-linux.so.2] ==> ignore
    arg [-o] ==> ignore
    arg [cmTryCompileExec] ==> ignore
    arg [/usr/lib/gcc/i686-pc-linux-gnu/4.3.3/../../../crt1.o] ==> ignore
    arg [/usr/lib/gcc/i686-pc-linux-gnu/4.3.3/../../../crti.o] ==> ignore
    arg [/usr/lib/gcc/i686-pc-linux-gnu/4.3.3/crtbegin.o] ==> ignore
    arg [-L/usr/lib/gcc/i686-pc-linux-gnu/4.3.3] ==> dir [/usr/lib/gcc/i686-pc-linux-gnu/4.3.3]
    arg [-L/usr/lib/gcc/i686-pc-linux-gnu/4.3.3] ==> dir [/usr/lib/gcc/i686-pc-linux-gnu/4.3.3]
    arg [-L/usr/lib/gcc/i686-pc-linux-gnu/4.3.3/../../../../i686-pc-linux-gnu/lib] ==> dir [/usr/lib/gcc/i686-pc-linux-gnu/4.3.3/../../../../i686-pc-linux-gnu/lib]
    arg [-L/usr/lib/gcc/i686-pc-linux-gnu/4.3.3/../../..] ==> dir [/usr/lib/gcc/i686-pc-linux-gnu/4.3.3/../../..]
    arg [CMakeFiles/cmTryCompileExec.dir/CMakeCCompilerABI.c.o] ==> ignore
    arg [-lgcc] ==> lib [gcc]
    arg [--as-needed] ==> ignore
    arg [-lgcc_s] ==> lib [gcc_s]
    arg [--no-as-needed] ==> ignore
    arg [-lc] ==> lib [c]
    arg [-lgcc] ==> lib [gcc]
    arg [--as-needed] ==> ignore
    arg [-lgcc_s] ==> lib [gcc_s]
    arg [--no-as-needed] ==> ignore
    arg [/usr/lib/gcc/i686-pc-linux-gnu/4.3.3/crtend.o] ==> ignore
    arg [/usr/lib/gcc/i686-pc-linux-gnu/4.3.3/../../../crtn.o] ==> ignore
  remove lib [gcc]
  remove lib [gcc_s]
  remove lib [gcc]
  remove lib [gcc_s]
  collapse dir [/usr/lib/gcc/i686-pc-linux-gnu/4.3.3] ==> [/usr/lib/gcc/i686-pc-linux-gnu/4.3.3]
  collapse dir [/usr/lib/gcc/i686-pc-linux-gnu/4.3.3] ==> [/usr/lib/gcc/i686-pc-linux-gnu/4.3.3]
  collapse dir [/usr/lib/gcc/i686-pc-linux-gnu/4.3.3/../../../../i686-pc-linux-gnu/lib] ==> [/usr/i686-pc-linux-gnu/lib]
  collapse dir [/usr/lib/gcc/i686-pc-linux-gnu/4.3.3/../../..] ==> [/usr/lib]
  implicit libs: [c]
  implicit dirs: [/usr/lib/gcc/i686-pc-linux-gnu/4.3.3;/usr/i686-pc-linux-gnu/lib;/usr/lib]


Determining if the CXX compiler works passed with the following output:
Change Dir: /home/cameron/pianobooster-src-0.6.4/build/CMakeFiles/CMakeTmp

Run Build Command:/usr/bin/gmake "cmTryCompileExec/fast"
/usr/bin/gmake -f CMakeFiles/cmTryCompileExec.dir/build.make CMakeFiles/cmTryCompileExec.dir/build
gmake[1]: Entering directory `/home/cameron/pianobooster-src-0.6.4/build/CMakeFiles/CMakeTmp'
/usr/bin/cmake -E cmake_progress_report /home/cameron/pianobooster-src-0.6.4/build/CMakeFiles/CMakeTmp/CMakeFiles 1
Building CXX object CMakeFiles/cmTryCompileExec.dir/testCXXCompiler.cxx.o
/usr/bin/c++     -o CMakeFiles/cmTryCompileExec.dir/testCXXCompiler.cxx.o -c /home/cameron/pianobooster-src-0.6.4/build/CMakeFiles/CMakeTmp/testCXXCompiler.cxx
Linking CXX executable cmTryCompileExec
/usr/bin/cmake -E cmake_link_script CMakeFiles/cmTryCompileExec.dir/link.txt --verbose=1
/usr/bin/c++         CMakeFiles/cmTryCompileExec.dir/testCXXCompiler.cxx.o  -o cmTryCompileExec -rdynamic 
gmake[1]: Leaving directory `/home/cameron/pianobooster-src-0.6.4/build/CMakeFiles/CMakeTmp'


Detecting CXX compiler ABI info compiled with the following output:
Change Dir: /home/cameron/pianobooster-src-0.6.4/build/CMakeFiles/CMakeTmp

Run Build Command:/usr/bin/gmake "cmTryCompileExec/fast"
/usr/bin/gmake -f CMakeFiles/cmTryCompileExec.dir/build.make CMakeFiles/cmTryCompileExec.dir/build
gmake[1]: Entering directory `/home/cameron/pianobooster-src-0.6.4/build/CMakeFiles/CMakeTmp'
/usr/bin/cmake -E cmake_progress_report /home/cameron/pianobooster-src-0.6.4/build/CMakeFiles/CMakeTmp/CMakeFiles 1
Building CXX object CMakeFiles/cmTryCompileExec.dir/CMakeCXXCompilerABI.cpp.o
/usr/bin/c++     -o CMakeFiles/cmTryCompileExec.dir/CMakeCXXCompilerABI.cpp.o -c /usr/share/cmake/Modules/CMakeCXXCompilerABI.cpp
Linking CXX executable cmTryCompileExec
/usr/bin/cmake -E cmake_link_script CMakeFiles/cmTryCompileExec.dir/link.txt --verbose=1
/usr/bin/c++        -v CMakeFiles/cmTryCompileExec.dir/CMakeCXXCompilerABI.cpp.o  -o cmTryCompileExec -rdynamic  
Using built-in specs.
Target: i686-pc-linux-gnu
Configured with: /var/tmp/portage/sys-devel/gcc-4.3.3-r2/work/gcc-4.3.3/configure --prefix=/usr --bindir=/usr/i686-pc-linux-gnu/gcc-bin/4.3.3 --includedir=/usr/lib/gcc/i686-pc-linux-gnu/4.3.3/include --datadir=/usr/share/gcc-data/i686-pc-linux-gnu/4.3.3 --mandir=/usr/share/gcc-data/i686-pc-linux-gnu/4.3.3/man --infodir=/usr/share/gcc-data/i686-pc-linux-gnu/4.3.3/info --with-gxx-include-dir=/usr/lib/gcc/i686-pc-linux-gnu/4.3.3/include/g++-v4 --host=i686-pc-linux-gnu --build=i686-pc-linux-gnu --disable-altivec --disable-fixed-point --enable-nls --without-included-gettext --with-system-zlib --disable-checking --disable-werror --enable-secureplt --disable-multilib --enable-libmudflap --disable-libssp --enable-libgomp --enable-cld --disable-libgcj --with-arch=i686 --enable-languages=c,c++,treelang,fortran --enable-shared --enable-threads=posix --enable-__cxa_atexit --enable-clocale=gnu --with-bugurl=http://bugs.gentoo.org/ --with-pkgversion='Gentoo 4.3.3-r2 p1.2, pie-10.1.5'
Thread model: posix
gcc version 4.3.3 (Gentoo 4.3.3-r2 p1.2, pie-10.1.5) 
COMPILER_PATH=/usr/libexec/gcc/i686-pc-linux-gnu/4.3.3/:/usr/libexec/gcc/i686-pc-linux-gnu/4.3.3/:/usr/libexec/gcc/i686-pc-linux-gnu/:/usr/lib/gcc/i686-pc-linux-gnu/4.3.3/:/usr/lib/gcc/i686-pc-linux-gnu/:/usr/libexec/gcc/i686-pc-linux-gnu/4.3.3/:/usr/libexec/gcc/i686-pc-linux-gnu/:/usr/lib/gcc/i686-pc-linux-gnu/4.3.3/:/usr/lib/gcc/i686-pc-linux-gnu/:/usr/lib/gcc/i686-pc-linux-gnu/4.3.3/../../../../i686-pc-linux-gnu/bin/
LIBRARY_PATH=/usr/lib/gcc/i686-pc-linux-gnu/4.3.3/:/usr/lib/gcc/i686-pc-linux-gnu/4.3.3/:/usr/lib/gcc/i686-pc-linux-gnu/4.3.3/../../../../i686-pc-linux-gnu/lib/:/usr/lib/gcc/i686-pc-linux-gnu/4.3.3/../../../:/lib/:/usr/lib/
COLLECT_GCC_OPTIONS='-v' '-o' 'cmTryCompileExec' '-rdynamic' '-shared-libgcc' '-mtune=generic' '-march=i686'
 /usr/libexec/gcc/i686-pc-linux-gnu/4.3.3/collect2 --eh-frame-hdr -m elf_i386 -export-dynamic -dynamic-linker /lib/ld-linux.so.2 -o cmTryCompileExec /usr/lib/gcc/i686-pc-linux-gnu/4.3.3/../../../crt1.o /usr/lib/gcc/i686-pc-linux-gnu/4.3.3/../../../crti.o /usr/lib/gcc/i686-pc-linux-gnu/4.3.3/crtbegin.o -L/usr/lib/gcc/i686-pc-linux-gnu/4.3.3 -L/usr/lib/gcc/i686-pc-linux-gnu/4.3.3 -L/usr/lib/gcc/i686-pc-linux-gnu/4.3.3/../../../../i686-pc-linux-gnu/lib -L/usr/lib/gcc/i686-pc-linux-gnu/4.3.3/../../.. CMakeFiles/cmTryCompileExec.dir/CMakeCXXCompilerABI.cpp.o -lstdc++ -lm -lgcc_s -lgcc -lc -lgcc_s -lgcc /usr/lib/gcc/i686-pc-linux-gnu/4.3.3/crtend.o /usr/lib/gcc/i686-pc-linux-gnu/4.3.3/../../../crtn.o
gmake[1]: Leaving directory `/home/cameron/pianobooster-src-0.6.4/build/CMakeFiles/CMakeTmp'


Parsed CXX implicit link information from above output:
  link line regex: [^( *|.*[/\])(ld|ld|collect2)[^/\]*( |$)]
  ignore line: [Change Dir: /home/cameron/pianobooster-src-0.6.4/build/CMakeFiles/CMakeTmp]
  ignore line: []
  ignore line: [Run Build Command:/usr/bin/gmake "cmTryCompileExec/fast"]
  ignore line: [/usr/bin/gmake -f CMakeFiles/cmTryCompileExec.dir/build.make CMakeFiles/cmTryCompileExec.dir/build]
  ignore line: [gmake[1]: Entering directory `/home/cameron/pianobooster-src-0.6.4/build/CMakeFiles/CMakeTmp']
  ignore line: [/usr/bin/cmake -E cmake_progress_report /home/cameron/pianobooster-src-0.6.4/build/CMakeFiles/CMakeTmp/CMakeFiles 1]
  ignore line: [Building CXX object CMakeFiles/cmTryCompileExec.dir/CMakeCXXCompilerABI.cpp.o]
  ignore line: [/usr/bin/c++     -o CMakeFiles/cmTryCompileExec.dir/CMakeCXXCompilerABI.cpp.o -c /usr/share/cmake/Modules/CMakeCXXCompilerABI.cpp]
  ignore line: [Linking CXX executable cmTryCompileExec]
  ignore line: [/usr/bin/cmake -E cmake_link_script CMakeFiles/cmTryCompileExec.dir/link.txt --verbose=1]
  ignore line: [/usr/bin/c++        -v CMakeFiles/cmTryCompileExec.dir/CMakeCXXCompilerABI.cpp.o  -o cmTryCompileExec -rdynamic  ]
  ignore line: [Using built-in specs.]
  ignore line: [Target: i686-pc-linux-gnu]
  ignore line: [Configured with: /var/tmp/portage/sys-devel/gcc-4.3.3-r2/work/gcc-4.3.3/configure --prefix=/usr --bindir=/usr/i686-pc-linux-gnu/gcc-bin/4.3.3 --includedir=/usr/lib/gcc/i686-pc-linux-gnu/4.3.3/include --datadir=/usr/share/gcc-data/i686-pc-linux-gnu/4.3.3 --mandir=/usr/share/gcc-data/i686-pc-linux-gnu/4.3.3/man --infodir=/usr/share/gcc-data/i686-pc-linux-gnu/4.3.3/info --with-gxx-include-dir=/usr/lib/gcc/i686-pc-linux-gnu/4.3.3/include/g++-v4 --host=i686-pc-linux-gnu --build=i686-pc-linux-gnu --disable-altivec --disable-fixed-point --enable-nls --without-included-gettext --with-system-zlib --disable-checking --disable-werror --enable-secureplt --disable-multilib --enable-libmudflap --disable-libssp --enable-libgomp --enable-cld --disable-libgcj --with-arch=i686 --enable-languages=c,c++,treelang,fortran --enable-shared --enable-threads=posix --enable-__cxa_atexit --enable-clocale=gnu --with-bugurl=http://bugs.gentoo.org/ --with-pkgversion='Gentoo 4.3.3-r2 p1.2, pie-10.1.5']
  ignore line: [Thread model: posix]
  ignore line: [gcc version 4.3.3 (Gentoo 4.3.3-r2 p1.2, pie-10.1.5) ]
  ignore line: [COMPILER_PATH=/usr/libexec/gcc/i686-pc-linux-gnu/4.3.3/:/usr/libexec/gcc/i686-pc-linux-gnu/4.3.3/:/usr/libexec/gcc/i686-pc-linux-gnu/:/usr/lib/gcc/i686-pc-linux-gnu/4.3.3/:/usr/lib/gcc/i686-pc-linux-gnu/:/usr/libexec/gcc/i686-pc-linux-gnu/4.3.3/:/usr/libexec/gcc/i686-pc-linux-gnu/:/usr/lib/gcc/i686-pc-linux-gnu/4.3.3/:/usr/lib/gcc/i686-pc-linux-gnu/:/usr/lib/gcc/i686-pc-linux-gnu/4.3.3/../../../../i686-pc-linux-gnu/bin/]
  ignore line: [LIBRARY_PATH=/usr/lib/gcc/i686-pc-linux-gnu/4.3.3/:/usr/lib/gcc/i686-pc-linux-gnu/4.3.3/:/usr/lib/gcc/i686-pc-linux-gnu/4.3.3/../../../../i686-pc-linux-gnu/lib/:/usr/lib/gcc/i686-pc-linux-gnu/4.3.3/../../../:/lib/:/usr/lib/]
  ignore line: [COLLECT_GCC_OPTIONS='-v' '-o' 'cmTryCompileExec' '-rdynamic' '-shared-libgcc' '-mtune=generic' '-march=i686']
  link line: [ /usr/libexec/gcc/i686-pc-linux-gnu/4.3.3/collect2 --eh-frame-hdr -m elf_i386 -export-dynamic -dynamic-linker /lib/ld-linux.so.2 -o cmTryCompileExec /usr/lib/gcc/i686-pc-linux-gnu/4.3.3/../../../crt1.o /usr/lib/gcc/i686-pc-linux-gnu/4.3.3/../../../crti.o /usr/lib/gcc/i686-pc-linux-gnu/4.3.3/crtbegin.o -L/usr/lib/gcc/i686-pc-linux-gnu/4.3.3 -L/usr/lib/gcc/i686-pc-linux-gnu/4.3.3 -L/usr/lib/gcc/i686-pc-linux-gnu/4.3.3/../../../../i686-pc-linux-gnu/lib -L/usr/lib/gcc/i686-pc-linux-gnu/4.3.3/../../.. CMakeFiles/cmTryCompileExec.dir/CMakeCXXCompilerABI.cpp.o -lstdc++ -lm -lgcc_s -lgcc -lc -lgcc_s -lgcc /usr/lib/gcc/i686-pc-linux-gnu/4.3.3/crtend.o /usr/lib/gcc/i686-pc-linux-gnu/4.3.3/../../../crtn.o]
    arg [/usr/libexec/gcc/i686-pc-linux-gnu/4.3.3/collect2] ==> ignore
    arg [--eh-frame-hdr] ==> ignore
    arg [-m] ==> ignore
    arg [elf_i386] ==> ignore
    arg [-export-dynamic] ==> ignore
    arg [-dynamic-linker] ==> ignore
    arg [/lib/ld-linux.so.2] ==> ignore
    arg [-o] ==> ignore
    arg [cmTryCompileExec] ==> ignore
    arg [/usr/lib/gcc/i686-pc-linux-gnu/4.3.3/../../../crt1.o] ==> ignore
    arg [/usr/lib/gcc/i686-pc-linux-gnu/4.3.3/../../../crti.o] ==> ignore
    arg [/usr/lib/gcc/i686-pc-linux-gnu/4.3.3/crtbegin.o] ==> ignore
    arg [-L/usr/lib/gcc/i686-pc-linux-gnu/4.3.3] ==> dir [/usr/lib/gcc/i686-pc-linux-gnu/4.3.3]
    arg [-L/usr/lib/gcc/i686-pc-linux-gnu/4.3.3] ==> dir [/usr/lib/gcc/i686-pc-linux-gnu/4.3.3]
    arg [-L/usr/lib/gcc/i686-pc-linux-gnu/4.3.3/../../../../i686-pc-linux-gnu/lib] ==> dir [/usr/lib/gcc/i686-pc-linux-gnu/4.3.3/../../../../i686-pc-linux-gnu/lib]
    arg [-L/usr/lib/gcc/i686-pc-linux-gnu/4.3.3/../../..] ==> dir [/usr/lib/gcc/i686-pc-linux-gnu/4.3.3/../../..]
    arg [CMakeFiles/cmTryCompileExec.dir/CMakeCXXCompilerABI.cpp.o] ==> ignore
    arg [-lstdc++] ==> lib [stdc++]
    arg [-lm] ==> lib [m]
    arg [-lgcc_s] ==> lib [gcc_s]
    arg [-lgcc] ==> lib [gcc]
    arg [-lc] ==> lib [c]
    arg [-lgcc_s] ==> lib [gcc_s]
    arg [-lgcc] ==> lib [gcc]
    arg [/usr/lib/gcc/i686-pc-linux-gnu/4.3.3/crtend.o] ==> ignore
    arg [/usr/lib/gcc/i686-pc-linux-gnu/4.3.3/../../../crtn.o] ==> ignore
  remove lib [gcc_s]
  remove lib [gcc]
  remove lib [gcc_s]
  remove lib [gcc]
  collapse dir [/usr/lib/gcc/i686-pc-linux-gnu/4.3.3] ==> [/usr/lib/gcc/i686-pc-linux-gnu/4.3.3]
  collapse dir [/usr/lib/gcc/i686-pc-linux-gnu/4.3.3] ==> [/usr/lib/gcc/i686-pc-linux-gnu/4.3.3]
  collapse dir [/usr/lib/gcc/i686-pc-linux-gnu/4.3.3/../../../../i686-pc-linux-gnu/lib] ==> [/usr/i686-pc-linux-gnu/lib]
  collapse dir [/usr/lib/gcc/i686-pc-linux-gnu/4.3.3/../../..] ==> [/usr/lib]
  implicit libs: [stdc++;m;c]
  implicit dirs: [/usr/lib/gcc/i686-pc-linux-gnu/4.3.3;/usr/i686-pc-linux-gnu/lib;/usr/lib]


Determining if the function XOpenDisplay exists in the /usr/lib/libX11.so;/usr/lib/libXext.so passed with the following output:
Change Dir: /home/cameron/pianobooster-src-0.6.4/build/CMakeFiles/CMakeTmp

Run Build Command:/usr/bin/gmake "cmTryCompileExec/fast"
/usr/bin/gmake -f CMakeFiles/cmTryCompileExec.dir/build.make CMakeFiles/cmTryCompileExec.dir/build
gmake[1]: Entering directory `/home/cameron/pianobooster-src-0.6.4/build/CMakeFiles/CMakeTmp'
/usr/bin/cmake -E cmake_progress_report /home/cameron/pianobooster-src-0.6.4/build/CMakeFiles/CMakeTmp/CMakeFiles 1
Building C object CMakeFiles/cmTryCompileExec.dir/CheckFunctionExists.c.o
/usr/bin/gcc   -DCHECK_FUNCTION_EXISTS=XOpenDisplay   -o CMakeFiles/cmTryCompileExec.dir/CheckFunctionExists.c.o   -c /usr/share/cmake/Modules/CheckFunctionExists.c
Linking C executable cmTryCompileExec
/usr/bin/cmake -E cmake_link_script CMakeFiles/cmTryCompileExec.dir/link.txt --verbose=1
/usr/bin/gcc     -DCHECK_FUNCTION_EXISTS=XOpenDisplay   CMakeFiles/cmTryCompileExec.dir/CheckFunctionExists.c.o  -o cmTryCompileExec -rdynamic -lX11 -lXext 
gmake[1]: Leaving directory `/home/cameron/pianobooster-src-0.6.4/build/CMakeFiles/CMakeTmp'


Determining if the function gethostbyname exists passed with the following output:
Change Dir: /home/cameron/pianobooster-src-0.6.4/build/CMakeFiles/CMakeTmp

Run Build Command:/usr/bin/gmake "cmTryCompileExec/fast"
/usr/bin/gmake -f CMakeFiles/cmTryCompileExec.dir/build.make CMakeFiles/cmTryCompileExec.dir/build
gmake[1]: Entering directory `/home/cameron/pianobooster-src-0.6.4/build/CMakeFiles/CMakeTmp'
/usr/bin/cmake -E cmake_progress_report /home/cameron/pianobooster-src-0.6.4/build/CMakeFiles/CMakeTmp/CMakeFiles 1
Building C object CMakeFiles/cmTryCompileExec.dir/CheckFunctionExists.c.o
/usr/bin/gcc   -DCHECK_FUNCTION_EXISTS=gethostbyname   -o CMakeFiles/cmTryCompileExec.dir/CheckFunctionExists.c.o   -c /usr/share/cmake/Modules/CheckFunctionExists.c
Linking C executable cmTryCompileExec
/usr/bin/cmake -E cmake_link_script CMakeFiles/cmTryCompileExec.dir/link.txt --verbose=1
/usr/bin/gcc     -DCHECK_FUNCTION_EXISTS=gethostbyname   CMakeFiles/cmTryCompileExec.dir/CheckFunctionExists.c.o  -o cmTryCompileExec -rdynamic 
gmake[1]: Leaving directory `/home/cameron/pianobooster-src-0.6.4/build/CMakeFiles/CMakeTmp'


Determining if the function connect exists passed with the following output:
Change Dir: /home/cameron/pianobooster-src-0.6.4/build/CMakeFiles/CMakeTmp

Run Build Command:/usr/bin/gmake "cmTryCompileExec/fast"
/usr/bin/gmake -f CMakeFiles/cmTryCompileExec.dir/build.make CMakeFiles/cmTryCompileExec.dir/build
gmake[1]: Entering directory `/home/cameron/pianobooster-src-0.6.4/build/CMakeFiles/CMakeTmp'
/usr/bin/cmake -E cmake_progress_report /home/cameron/pianobooster-src-0.6.4/build/CMakeFiles/CMakeTmp/CMakeFiles 1
Building C object CMakeFiles/cmTryCompileExec.dir/CheckFunctionExists.c.o
/usr/bin/gcc   -DCHECK_FUNCTION_EXISTS=connect   -o CMakeFiles/cmTryCompileExec.dir/CheckFunctionExists.c.o   -c /usr/share/cmake/Modules/CheckFunctionExists.c
Linking C executable cmTryCompileExec
/usr/bin/cmake -E cmake_link_script CMakeFiles/cmTryCompileExec.dir/link.txt --verbose=1
/usr/bin/gcc     -DCHECK_FUNCTION_EXISTS=connect   CMakeFiles/cmTryCompileExec.dir/CheckFunctionExists.c.o  -o cmTryCompileExec -rdynamic 
gmake[1]: Leaving directory `/home/cameron/pianobooster-src-0.6.4/build/CMakeFiles/CMakeTmp'


Determining if the function remove exists passed with the following output:
Change Dir: /home/cameron/pianobooster-src-0.6.4/build/CMakeFiles/CMakeTmp

Run Build Command:/usr/bin/gmake "cmTryCompileExec/fast"
/usr/bin/gmake -f CMakeFiles/cmTryCompileExec.dir/build.make CMakeFiles/cmTryCompileExec.dir/build
gmake[1]: Entering directory `/home/cameron/pianobooster-src-0.6.4/build/CMakeFiles/CMakeTmp'
/usr/bin/cmake -E cmake_progress_report /home/cameron/pianobooster-src-0.6.4/build/CMakeFiles/CMakeTmp/CMakeFiles 1
Building C object CMakeFiles/cmTryCompileExec.dir/CheckFunctionExists.c.o
/usr/bin/gcc   -DCHECK_FUNCTION_EXISTS=remove   -o CMakeFiles/cmTryCompileExec.dir/CheckFunctionExists.c.o   -c /usr/share/cmake/Modules/CheckFunctionExists.c
Linking C executable cmTryCompileExec
/usr/bin/cmake -E cmake_link_script CMakeFiles/cmTryCompileExec.dir/link.txt --verbose=1
/usr/bin/gcc     -DCHECK_FUNCTION_EXISTS=remove   CMakeFiles/cmTryCompileExec.dir/CheckFunctionExists.c.o  -o cmTryCompileExec -rdynamic 
gmake[1]: Leaving directory `/home/cameron/pianobooster-src-0.6.4/build/CMakeFiles/CMakeTmp'


Determining if the function shmat exists passed with the following output:
Change Dir: /home/cameron/pianobooster-src-0.6.4/build/CMakeFiles/CMakeTmp

Run Build Command:/usr/bin/gmake "cmTryCompileExec/fast"
/usr/bin/gmake -f CMakeFiles/cmTryCompileExec.dir/build.make CMakeFiles/cmTryCompileExec.dir/build
gmake[1]: Entering directory `/home/cameron/pianobooster-src-0.6.4/build/CMakeFiles/CMakeTmp'
/usr/bin/cmake -E cmake_progress_report /home/cameron/pianobooster-src-0.6.4/build/CMakeFiles/CMakeTmp/CMakeFiles 1
Building C object CMakeFiles/cmTryCompileExec.dir/CheckFunctionExists.c.o
/usr/bin/gcc   -DCHECK_FUNCTION_EXISTS=shmat   -o CMakeFiles/cmTryCompileExec.dir/CheckFunctionExists.c.o   -c /usr/share/cmake/Modules/CheckFunctionExists.c
Linking C executable cmTryCompileExec
/usr/bin/cmake -E cmake_link_script CMakeFiles/cmTryCompileExec.dir/link.txt --verbose=1
/usr/bin/gcc     -DCHECK_FUNCTION_EXISTS=shmat   CMakeFiles/cmTryCompileExec.dir/CheckFunctionExists.c.o  -o cmTryCompileExec -rdynamic 
gmake[1]: Leaving directory `/home/cameron/pianobooster-src-0.6.4/build/CMakeFiles/CMakeTmp'


Determining if the function IceConnectionNumber exists in the ICE passed with the following output:
Change Dir: /home/cameron/pianobooster-src-0.6.4/build/CMakeFiles/CMakeTmp

Run Build Command:/usr/bin/gmake "cmTryCompileExec/fast"
/usr/bin/gmake -f CMakeFiles/cmTryCompileExec.dir/build.make CMakeFiles/cmTryCompileExec.dir/build
gmake[1]: Entering directory `/home/cameron/pianobooster-src-0.6.4/build/CMakeFiles/CMakeTmp'
/usr/bin/cmake -E cmake_progress_report /home/cameron/pianobooster-src-0.6.4/build/CMakeFiles/CMakeTmp/CMakeFiles 1
Building C object CMakeFiles/cmTryCompileExec.dir/CheckFunctionExists.c.o
/usr/bin/gcc   -DCHECK_FUNCTION_EXISTS=IceConnectionNumber   -o CMakeFiles/cmTryCompileExec.dir/CheckFunctionExists.c.o   -c /usr/share/cmake/Modules/CheckFunctionExists.c
Linking C executable cmTryCompileExec
/usr/bin/cmake -E cmake_link_script CMakeFiles/cmTryCompileExec.dir/link.txt --verbose=1
/usr/bin/gcc     -DCHECK_FUNCTION_EXISTS=IceConnectionNumber   CMakeFiles/cmTryCompileExec.dir/CheckFunctionExists.c.o  -o cmTryCompileExec -rdynamic -lICE 
gmake[1]: Leaving directory `/home/cameron/pianobooster-src-0.6.4/build/CMakeFiles/CMakeTmp'


Determining if the Q_WS_X11 exist passed with the following output:
Change Dir: /home/cameron/pianobooster-src-0.6.4/build/CMakeFiles/CMakeTmp

Run Build Command:/usr/bin/gmake "cmTryCompileExec/fast"
/usr/bin/gmake -f CMakeFiles/cmTryCompileExec.dir/build.make CMakeFiles/cmTryCompileExec.dir/build
gmake[1]: Entering directory `/home/cameron/pianobooster-src-0.6.4/build/CMakeFiles/CMakeTmp'
/usr/bin/cmake -E cmake_progress_report /home/cameron/pianobooster-src-0.6.4/build/CMakeFiles/CMakeTmp/CMakeFiles 1
Building C object CMakeFiles/cmTryCompileExec.dir/CheckSymbolExists.c.o
/usr/bin/gcc   -I/usr/include/qt4   -o CMakeFiles/cmTryCompileExec.dir/CheckSymbolExists.c.o   -c /home/cameron/pianobooster-src-0.6.4/build/CMakeFiles/CMakeTmp/CheckSymbolExists.c
Linking C executable cmTryCompileExec
/usr/bin/cmake -E cmake_link_script CMakeFiles/cmTryCompileExec.dir/link.txt --verbose=1
/usr/bin/gcc        CMakeFiles/cmTryCompileExec.dir/CheckSymbolExists.c.o  -o cmTryCompileExec -rdynamic 
gmake[1]: Leaving directory `/home/cameron/pianobooster-src-0.6.4/build/CMakeFiles/CMakeTmp'

File /home/cameron/pianobooster-src-0.6.4/build/CMakeFiles/CMakeTmp/CheckSymbolExists.c:
/* */
#include <QtCore/qglobal.h>

void cmakeRequireSymbol(int dummy,...){(void)dummy;}
int main()
{
#ifndef Q_WS_X11
  cmakeRequireSymbol(0,&Q_WS_X11);
#endif
  return 0;
}

Determining if the _POSIX_TIMERS exist passed with the following output:
Change Dir: /home/cameron/pianobooster-src-0.6.4/build/CMakeFiles/CMakeTmp

Run Build Command:/usr/bin/gmake "cmTryCompileExec/fast"
/usr/bin/gmake -f CMakeFiles/cmTryCompileExec.dir/build.make CMakeFiles/cmTryCompileExec.dir/build
gmake[1]: Entering directory `/home/cameron/pianobooster-src-0.6.4/build/CMakeFiles/CMakeTmp'
/usr/bin/cmake -E cmake_progress_report /home/cameron/pianobooster-src-0.6.4/build/CMakeFiles/CMakeTmp/CMakeFiles 1
Building C object CMakeFiles/cmTryCompileExec.dir/CheckSymbolExists.c.o
/usr/bin/gcc    -o CMakeFiles/cmTryCompileExec.dir/CheckSymbolExists.c.o   -c /home/cameron/pianobooster-src-0.6.4/build/CMakeFiles/CMakeTmp/CheckSymbolExists.c
Linking C executable cmTryCompileExec
/usr/bin/cmake -E cmake_link_script CMakeFiles/cmTryCompileExec.dir/link.txt --verbose=1
/usr/bin/gcc        CMakeFiles/cmTryCompileExec.dir/CheckSymbolExists.c.o  -o cmTryCompileExec -rdynamic -lrt 
gmake[1]: Leaving directory `/home/cameron/pianobooster-src-0.6.4/build/CMakeFiles/CMakeTmp'

File /home/cameron/pianobooster-src-0.6.4/build/CMakeFiles/CMakeTmp/CheckSymbolExists.c:
/* */
#include <unistd.h>
#include <time.h>

void cmakeRequireSymbol(int dummy,...){(void)dummy;}
int main()
{
#ifndef _POSIX_TIMERS
  cmakeRequireSymbol(0,&_POSIX_TIMERS);
#endif
  return 0;
}

The system is: Linux - 2.6.33-tuxonice - i686
Compiling the C compiler identification source file "CMakeCCompilerId.c" succeeded.
Compiler: /usr/bin/gcc 
Build flags: 
Id flags: 

The output was:
0


Compilation of the C compiler identification source "CMakeCCompilerId.c" produced "a.out"

The C compiler identification is GNU, found in "/home/cameron/Instrument-Trainer/build/CMakeFiles/CompilerIdC/a.out"

Compiling the CXX compiler identification source file "CMakeCXXCompilerId.cpp" succeeded.
Compiler: /usr/bin/c++ 
Build flags: 
Id flags: 

The output was:
0
CMakeCXXCompilerId.cpp:76: warning: deprecated conversion from string constant to ‘char*’
CMakeCXXCompilerId.cpp:189: warning: deprecated conversion from string constant to ‘char*’
CMakeCXXCompilerId.cpp:190: warning: deprecated conversion from string constant to ‘char*’


Compilation of the CXX compiler identification source "CMakeCXXCompilerId.cpp" produced "a.out"

The CXX compiler identification is GNU, found in "/home/cameron/Instrument-Trainer/build/CMakeFiles/CompilerIdCXX/a.out"

Determining if the C compiler works passed with the following output:
Change Dir: /home/cameron/Instrument-Trainer/build/CMakeFiles/CMakeTmp

Run Build Command:/usr/bin/gmake "cmTryCompileExec/fast"
/usr/bin/gmake -f CMakeFiles/cmTryCompileExec.dir/build.make CMakeFiles/cmTryCompileExec.dir/build
gmake[1]: Entering directory `/home/cameron/Instrument-Trainer/build/CMakeFiles/CMakeTmp'
/usr/bin/cmake -E cmake_progress_report /home/cameron/Instrument-Trainer/build/CMakeFiles/CMakeTmp/CMakeFiles 1
Building C object CMakeFiles/cmTryCompileExec.dir/testCCompiler.c.o
/usr/bin/gcc    -o CMakeFiles/cmTryCompileExec.dir/testCCompiler.c.o   -c /home/cameron/Instrument-Trainer/build/CMakeFiles/CMakeTmp/testCCompiler.c
Linking C executable cmTryCompileExec
/usr/bin/cmake -E cmake_link_script CMakeFiles/cmTryCompileExec.dir/link.txt --verbose=1
/usr/bin/gcc        CMakeFiles/cmTryCompileExec.dir/testCCompiler.c.o  -o cmTryCompileExec -rdynamic 
gmake[1]: Leaving directory `/home/cameron/Instrument-Trainer/build/CMakeFiles/CMakeTmp'


Detecting C compiler ABI info compiled with the following output:
Change Dir: /home/cameron/Instrument-Trainer/build/CMakeFiles/CMakeTmp

Run Build Command:/usr/bin/gmake "cmTryCompileExec/fast"
/usr/bin/gmake -f CMakeFiles/cmTryCompileExec.dir/build.make CMakeFiles/cmTryCompileExec.dir/build
gmake[1]: Entering directory `/home/cameron/Instrument-Trainer/build/CMakeFiles/CMakeTmp'
/usr/bin/cmake -E cmake_progress_report /home/cameron/Instrument-Trainer/build/CMakeFiles/CMakeTmp/CMakeFiles 1
Building C object CMakeFiles/cmTryCompileExec.dir/CMakeCCompilerABI.c.o
/usr/bin/gcc    -o CMakeFiles/cmTryCompileExec.dir/CMakeCCompilerABI.c.o   -c /usr/share/cmake/Modules/CMakeCCompilerABI.c
Linking C executable cmTryCompileExec
/usr/bin/cmake -E cmake_link_script CMakeFiles/cmTryCompileExec.dir/link.txt --verbose=1
/usr/bin/gcc       -v CMakeFiles/cmTryCompileExec.dir/CMakeCCompilerABI.c.o  -o cmTryCompileExec -rdynamic  
Using built-in specs.
Target: i686-pc-linux-gnu
Configured with: /var/tmp/portage/sys-devel/gcc-4.3.3-r2/work/gcc-4.3.3/configure --prefix=/usr --bindir=/usr/i686-pc-linux-gnu/gcc-bin/4.3.3 --includedir=/usr/lib/gcc/i686-pc-linux-gnu/4.3.3/include --datadir=/usr/share/gcc-data/i686-pc-linux-gnu/4.3.3 --mandir=/usr/share/gcc-data/i686-pc-linux-gnu/4.3.3/man --infodir=/usr/share/gcc-data/i686-pc-linux-gnu/4.3.3/info --with-gxx-include-dir=/usr/lib/gcc/i686-pc-linux-gnu/4.3.3/include/g++-v4 --host=i686-pc-linux-gnu --build=i686-pc-linux-gnu --disable-altivec --disable-fixed-point --enable-nls --without-included-gettext --with-system-zlib --disable-checking --disable-werror --enable-secureplt --disable-multilib --enable-libmudflap --disable-libssp --enable-libgomp --enable-cld --disable-libgcj --with-arch=i686 --enable-languages=c,c++,treelang,fortran --enable-shared --enable-threads=posix --enable-__cxa_atexit --enable-clocale=gnu --with-bugurl=http://bugs.gentoo.org/ --with-pkgversion='Gentoo 4.3.3-r2 p1.2, pie-10.1.5'
Thread model: posix
gcc version 4.3.3 (Gentoo 4.3.3-r2 p1.2, pie-10.1.5) 
COMPILER_PATH=/usr/libexec/gcc/i686-pc-linux-gnu/4.3.3/:/usr/libexec/gcc/i686-pc-linux-gnu/4.3.3/:/usr/libexec/gcc/i686-pc-linux-gnu/:/usr/lib/gcc/i686-pc-linux-gnu/4.3.3/:/usr/lib/gcc/i686-pc-linux-gnu/:/usr/libexec/gcc/i686-pc-linux-gnu/4.3.3/:/usr/libexec/gcc/i686-pc-linux-gnu/:/usr/lib/gcc/i686-pc-linux-gnu/4.3.3/:/usr/lib/gcc/i686-pc-linux-gnu/:/usr/lib/gcc/i686-pc-linux-gnu/4.3.3/../../../../i686-pc-linux-gnu/bin/
LIBRARY_PATH=/usr/lib/gcc/i686-pc-linux-gnu/4.3.3/:/usr/lib/gcc/i686-pc-linux-gnu/4.3.3/:/usr/lib/gcc/i686-pc-linux-gnu/4.3.3/../../../../i686-pc-linux-gnu/lib/:/usr/lib/gcc/i686-pc-linux-gnu/4.3.3/../../../:/lib/:/usr/lib/
COLLECT_GCC_OPTIONS='-v' '-o' 'cmTryCompileExec' '-rdynamic' '-mtune=generic' '-march=i686'
 /usr/libexec/gcc/i686-pc-linux-gnu/4.3.3/collect2 --eh-frame-hdr -m elf_i386 -export-dynamic -dynamic-linker /lib/ld-linux.so.2 -o cmTryCompileExec /usr/lib/gcc/i686-pc-linux-gnu/4.3.3/../../../crt1.o /usr/lib/gcc/i686-pc-linux-gnu/4.3.3/../../../crti.o /usr/lib/gcc/i686-pc-linux-gnu/4.3.3/crtbegin.o -L/usr/lib/gcc/i686-pc-linux-gnu/4.3.3 -L/usr/lib/gcc/i686-pc-linux-gnu/4.3.3 -L/usr/lib/gcc/i686-pc-linux-gnu/4.3.3/../../../../i686-pc-linux-gnu/lib -L/usr/lib/gcc/i686-pc-linux-gnu/4.3.3/../../.. CMakeFiles/cmTryCompileExec.dir/CMakeCCompilerABI.c.o -lgcc --as-needed -lgcc_s --no-as-needed -lc -lgcc --as-needed -lgcc_s --no-as-needed /usr/lib/gcc/i686-pc-linux-gnu/4.3.3/crtend.o /usr/lib/gcc/i686-pc-linux-gnu/4.3.3/../../../crtn.o
gmake[1]: Leaving directory `/home/cameron/Instrument-Trainer/build/CMakeFiles/CMakeTmp'


Parsed C implicit link information from above output:
  link line regex: [^( *|.*[/\])(ld|ld|collect2)[^/\]*( |$)]
  ignore line: [Change Dir: /home/cameron/Instrument-Trainer/build/CMakeFiles/CMakeTmp]
  ignore line: []
  ignore line: [Run Build Command:/usr/bin/gmake "cmTryCompileExec/fast"]
  ignore line: [/usr/bin/gmake -f CMakeFiles/cmTryCompileExec.dir/build.make CMakeFiles/cmTryCompileExec.dir/build]
  ignore line: [gmake[1]: Entering directory `/home/cameron/Instrument-Trainer/build/CMakeFiles/CMakeTmp']
  ignore line: [/usr/bin/cmake -E cmake_progress_report /home/cameron/Instrument-Trainer/build/CMakeFiles/CMakeTmp/CMakeFiles 1]
  ignore line: [Building C object CMakeFiles/cmTryCompileExec.dir/CMakeCCompilerABI.c.o]
  ignore line: [/usr/bin/gcc    -o CMakeFiles/cmTryCompileExec.dir/CMakeCCompilerABI.c.o   -c /usr/share/cmake/Modules/CMakeCCompilerABI.c]
  ignore line: [Linking C executable cmTryCompileExec]
  ignore line: [/usr/bin/cmake -E cmake_link_script CMakeFiles/cmTryCompileExec.dir/link.txt --verbose=1]
  ignore line: [/usr/bin/gcc       -v CMakeFiles/cmTryCompileExec.dir/CMakeCCompilerABI.c.o  -o cmTryCompileExec -rdynamic  ]
  ignore line: [Using built-in specs.]
  ignore line: [Target: i686-pc-linux-gnu]
  ignore line: [Configured with: /var/tmp/portage/sys-devel/gcc-4.3.3-r2/work/gcc-4.3.3/configure --prefix=/usr --bindir=/usr/i686-pc-linux-gnu/gcc-bin/4.3.3 --includedir=/usr/lib/gcc/i686-pc-linux-gnu/4.3.3/include --datadir=/usr/share/gcc-data/i686-pc-linux-gnu/4.3.3 --mandir=/usr/share/gcc-data/i686-pc-linux-gnu/4.3.3/man --infodir=/usr/share/gcc-data/i686-pc-linux-gnu/4.3.3/info --with-gxx-include-dir=/usr/lib/gcc/i686-pc-linux-gnu/4.3.3/include/g++-v4 --host=i686-pc-linux-gnu --build=i686-pc-linux-gnu --disable-altivec --disable-fixed-point --enable-nls --without-included-gettext --with-system-zlib --disable-checking --disable-werror --enable-secureplt --disable-multilib --enable-libmudflap --disable-libssp --enable-libgomp --enable-cld --disable-libgcj --with-arch=i686 --enable-languages=c,c++,treelang,fortran --enable-shared --enable-threads=posix --enable-__cxa_atexit --enable-clocale=gnu --with-bugurl=http://bugs.gentoo.org/ --with-pkgversion='Gentoo 4.3.3-r2 p1.2, pie-10.1.5']
  ignore line: [Thread model: posix]
  ignore line: [gcc version 4.3.3 (Gentoo 4.3.3-r2 p1.2, pie-10.1.5) ]
  ignore line: [COMPILER_PATH=/usr/libexec/gcc/i686-pc-linux-gnu/4.3.3/:/usr/libexec/gcc/i686-pc-linux-gnu/4.3.3/:/usr/libexec/gcc/i686-pc-linux-gnu/:/usr/lib/gcc/i686-pc-linux-gnu/4.3.3/:/usr/lib/gcc/i686-pc-linux-gnu/:/usr/libexec/gcc/i686-pc-linux-gnu/4.3.3/:/usr/libexec/gcc/i686-pc-linux-gnu/:/usr/lib/gcc/i686-pc-linux-gnu/4.3.3/:/usr/lib/gcc/i686-pc-linux-gnu/:/usr/lib/gcc/i686-pc-linux-gnu/4.3.3/../../../../i686-pc-linux-gnu/bin/]
  ignore line: [LIBRARY_PATH=/usr/lib/gcc/i686-pc-linux-gnu/4.3.3/:/usr/lib/gcc/i686-pc-linux-gnu/4.3.3/:/usr/lib/gcc/i686-pc-linux-gnu/4.3.3/../../../../i686-pc-linux-gnu/lib/:/usr/lib/gcc/i686-pc-linux-gnu/4.3.3/../../../:/lib/:/usr/lib/]
  ignore line: [COLLECT_GCC_OPTIONS='-v' '-o' 'cmTryCompileExec' '-rdynamic' '-mtune=generic' '-march=i686']
  link line: [ /usr/libexec/gcc/i686-pc-linux-gnu/4.3.3/collect2 --eh-frame-hdr -m elf_i386 -export-dynamic -dynamic-linker /lib/ld-linux.so.2 -o cmTryCompileExec /usr/lib/gcc/i686-pc-linux-gnu/4.3.3/../../../crt1.o /usr/lib/gcc/i686-pc-linux-gnu/4.3.3/../../../crti.o /usr/lib/gcc/i686-pc-linux-gnu/4.3.3/crtbegin.o -L/usr/lib/gcc/i686-pc-linux-gnu/4.3.3 -L/usr/lib/gcc/i686-pc-linux-gnu/4.3.3 -L/usr/lib/gcc/i686-pc-linux-gnu/4.3.3/../../../../i686-pc-linux-gnu/lib -L/usr/lib/gcc/i686-pc-linux-gnu/4.3.3/../../.. CMakeFiles/cmTryCompileExec.dir/CMakeCCompilerABI.c.o -lgcc --as-needed -lgcc_s --no-as-needed -lc -lgcc --as-needed -lgcc_s --no-as-needed /usr/lib/gcc/i686-pc-linux-gnu/4.3.3/crtend.o /usr/lib/gcc/i686-pc-linux-gnu/4.3.3/../../../crtn.o]
    arg [/usr/libexec/gcc/i686-pc-linux-gnu/4.3.3/collect2] ==> ignore
    arg [--eh-frame-hdr] ==> ignore
    arg [-m] ==> ignore
    arg [elf_i386] ==> ignore
    arg [-export-dynamic] ==> ignore
    arg [-dynamic-linker] ==> ignore
    arg [/lib/ld-linux.so.2] ==> ignore
    arg [-o] ==> ignore
    arg [cmTryCompileExec] ==> ignore
    arg [/usr/lib/gcc/i686-pc-linux-gnu/4.3.3/../../../crt1.o] ==> ignore
    arg [/usr/lib/gcc/i686-pc-linux-gnu/4.3.3/../../../crti.o] ==> ignore
    arg [/usr/lib/gcc/i686-pc-linux-gnu/4.3.3/crtbegin.o] ==> ignore
    arg [-L/usr/lib/gcc/i686-pc-linux-gnu/4.3.3] ==> dir [/usr/lib/gcc/i686-pc-linux-gnu/4.3.3]
    arg [-L/usr/lib/gcc/i686-pc-linux-gnu/4.3.3] ==> dir [/usr/lib/gcc/i686-pc-linux-gnu/4.3.3]
    arg [-L/usr/lib/gcc/i686-pc-linux-gnu/4.3.3/../../../../i686-pc-linux-gnu/lib] ==> dir [/usr/lib/gcc/i686-pc-linux-gnu/4.3.3/../../../../i686-pc-linux-gnu/lib]
    arg [-L/usr/lib/gcc/i686-pc-linux-gnu/4.3.3/../../..] ==> dir [/usr/lib/gcc/i686-pc-linux-gnu/4.3.3/../../..]
    arg [CMakeFiles/cmTryCompileExec.dir/CMakeCCompilerABI.c.o] ==> ignore
    arg [-lgcc] ==> lib [gcc]
    arg [--as-needed] ==> ignore
    arg [-lgcc_s] ==> lib [gcc_s]
    arg [--no-as-needed] ==> ignore
    arg [-lc] ==> lib [c]
    arg [-lgcc] ==> lib [gcc]
    arg [--as-needed] ==> ignore
    arg [-lgcc_s] ==> lib [gcc_s]
    arg [--no-as-needed] ==> ignore
    arg [/usr/lib/gcc/i686-pc-linux-gnu/4.3.3/crtend.o] ==> ignore
    arg [/usr/lib/gcc/i686-pc-linux-gnu/4.3.3/../../../crtn.o] ==> ignore
  remove lib [gcc]
  remove lib [gcc_s]
  remove lib [gcc]
  remove lib [gcc_s]
  collapse dir [/usr/lib/gcc/i686-pc-linux-gnu/4.3.3] ==> [/usr/lib/gcc/i686-pc-linux-gnu/4.3.3]
  collapse dir [/usr/lib/gcc/i686-pc-linux-gnu/4.3.3] ==> [/usr/lib/gcc/i686-pc-linux-gnu/4.3.3]
  collapse dir [/usr/lib/gcc/i686-pc-linux-gnu/4.3.3/../../../../i686-pc-linux-gnu/lib] ==> [/usr/i686-pc-linux-gnu/lib]
  collapse dir [/usr/lib/gcc/i686-pc-linux-gnu/4.3.3/../../..] ==> [/usr/lib]
  implicit libs: [c]
  implicit dirs: [/usr/lib/gcc/i686-pc-linux-gnu/4.3.3;/usr/i686-pc-linux-gnu/lib;/usr/lib]


Determining if the CXX compiler works passed with the following output:
Change Dir: /home/cameron/Instrument-Trainer/build/CMakeFiles/CMakeTmp

Run Build Command:/usr/bin/gmake "cmTryCompileExec/fast"
/usr/bin/gmake -f CMakeFiles/cmTryCompileExec.dir/build.make CMakeFiles/cmTryCompileExec.dir/build
gmake[1]: Entering directory `/home/cameron/Instrument-Trainer/build/CMakeFiles/CMakeTmp'
/usr/bin/cmake -E cmake_progress_report /home/cameron/Instrument-Trainer/build/CMakeFiles/CMakeTmp/CMakeFiles 1
Building CXX object CMakeFiles/cmTryCompileExec.dir/testCXXCompiler.cxx.o
/usr/bin/c++     -o CMakeFiles/cmTryCompileExec.dir/testCXXCompiler.cxx.o -c /home/cameron/Instrument-Trainer/build/CMakeFiles/CMakeTmp/testCXXCompiler.cxx
Linking CXX executable cmTryCompileExec
/usr/bin/cmake -E cmake_link_script CMakeFiles/cmTryCompileExec.dir/link.txt --verbose=1
/usr/bin/c++         CMakeFiles/cmTryCompileExec.dir/testCXXCompiler.cxx.o  -o cmTryCompileExec -rdynamic 
gmake[1]: Leaving directory `/home/cameron/Instrument-Trainer/build/CMakeFiles/CMakeTmp'


Detecting CXX compiler ABI info compiled with the following output:
Change Dir: /home/cameron/Instrument-Trainer/build/CMakeFiles/CMakeTmp

Run Build Command:/usr/bin/gmake "cmTryCompileExec/fast"
/usr/bin/gmake -f CMakeFiles/cmTryCompileExec.dir/build.make CMakeFiles/cmTryCompileExec.dir/build
gmake[1]: Entering directory `/home/cameron/Instrument-Trainer/build/CMakeFiles/CMakeTmp'
/usr/bin/cmake -E cmake_progress_report /home/cameron/Instrument-Trainer/build/CMakeFiles/CMakeTmp/CMakeFiles 1
Building CXX object CMakeFiles/cmTryCompileExec.dir/CMakeCXXCompilerABI.cpp.o
/usr/bin/c++     -o CMakeFiles/cmTryCompileExec.dir/CMakeCXXCompilerABI.cpp.o -c /usr/share/cmake/Modules/CMakeCXXCompilerABI.cpp
Linking CXX executable cmTryCompileExec
/usr/bin/cmake -E cmake_link_script CMakeFiles/cmTryCompileExec.dir/link.txt --verbose=1
/usr/bin/c++        -v CMakeFiles/cmTryCompileExec.dir/CMakeCXXCompilerABI.cpp.o  -o cmTryCompileExec -rdynamic  
Using built-in specs.
Target: i686-pc-linux-gnu
Configured with: /var/tmp/portage/sys-devel/gcc-4.3.3-r2/work/gcc-4.3.3/configure --prefix=/usr --bindir=/usr/i686-pc-linux-gnu/gcc-bin/4.3.3 --includedir=/usr/lib/gcc/i686-pc-linux-gnu/4.3.3/include --datadir=/usr/share/gcc-data/i686-pc-linux-gnu/4.3.3 --mandir=/usr/share/gcc-data/i686-pc-linux-gnu/4.3.3/man --infodir=/usr/share/gcc-data/i686-pc-linux-gnu/4.3.3/info --with-gxx-include-dir=/usr/lib/gcc/i686-pc-linux-gnu/4.3.3/include/g++-v4 --host=i686-pc-linux-gnu --build=i686-pc-linux-gnu --disable-altivec --disable-fixed-point --enable-nls --without-included-gettext --with-system-zlib --disable-checking --disable-werror --enable-secureplt --disable-multilib --enable-libmudflap --disable-libssp --enable-libgomp --enable-cld --disable-libgcj --with-arch=i686 --enable-languages=c,c++,treelang,fortran --enable-shared --enable-threads=posix --enable-__cxa_atexit --enable-clocale=gnu --with-bugurl=http://bugs.gentoo.org/ --with-pkgversion='Gentoo 4.3.3-r2 p1.2, pie-10.1.5'
Thread model: posix
gcc version 4.3.3 (Gentoo 4.3.3-r2 p1.2, pie-10.1.5) 
COMPILER_PATH=/usr/libexec/gcc/i686-pc-linux-gnu/4.3.3/:/usr/libexec/gcc/i686-pc-linux-gnu/4.3.3/:/usr/libexec/gcc/i686-pc-linux-gnu/:/usr/lib/gcc/i686-pc-linux-gnu/4.3.3/:/usr/lib/gcc/i686-pc-linux-gnu/:/usr/libexec/gcc/i686-pc-linux-gnu/4.3.3/:/usr/libexec/gcc/i686-pc-linux-gnu/:/usr/lib/gcc/i686-pc-linux-gnu/4.3.3/:/usr/lib/gcc/i686-pc-linux-gnu/:/usr/lib/gcc/i686-pc-linux-gnu/4.3.3/../../../../i686-pc-linux-gnu/bin/
LIBRARY_PATH=/usr/lib/gcc/i686-pc-linux-gnu/4.3.3/:/usr/lib/gcc/i686-pc-linux-gnu/4.3.3/:/usr/lib/gcc/i686-pc-linux-gnu/4.3.3/../../../../i686-pc-linux-gnu/lib/:/usr/lib/gcc/i686-pc-linux-gnu/4.3.3/../../../:/lib/:/usr/lib/
COLLECT_GCC_OPTIONS='-v' '-o' 'cmTryCompileExec' '-rdynamic' '-shared-libgcc' '-mtune=generic' '-march=i686'
 /usr/libexec/gcc/i686-pc-linux-gnu/4.3.3/collect2 --eh-frame-hdr -m elf_i386 -export-dynamic -dynamic-linker /lib/ld-linux.so.2 -o cmTryCompileExec /usr/lib/gcc/i686-pc-linux-gnu/4.3.3/../../../crt1.o /usr/lib/gcc/i686-pc-linux-gnu/4.3.3/../../../crti.o /usr/lib/gcc/i686-pc-linux-gnu/4.3.3/crtbegin.o -L/usr/lib/gcc/i686-pc-linux-gnu/4.3.3 -L/usr/lib/gcc/i686-pc-linux-gnu/4.3.3 -L/usr/lib/gcc/i686-pc-linux-gnu/4.3.3/../../../../i686-pc-linux-gnu/lib -L/usr/lib/gcc/i686-pc-linux-gnu/4.3.3/../../.. CMakeFiles/cmTryCompileExec.dir/CMakeCXXCompilerABI.cpp.o -lstdc++ -lm -lgcc_s -lgcc -lc -lgcc_s -lgcc /usr/lib/gcc/i686-pc-linux-gnu/4.3.3/crtend.o /usr/lib/gcc/i686-pc-linux-gnu/4.3.3/../../../crtn.o
gmake[1]: Leaving directory `/home/cameron/Instrument-Trainer/build/CMakeFiles/CMakeTmp'


Parsed CXX implicit link information from above output:
  link line regex: [^( *|.*[/\])(ld|ld|collect2)[^/\]*( |$)]
  ignore line: [Change Dir: /home/cameron/Instrument-Trainer/build/CMakeFiles/CMakeTmp]
  ignore line: []
  ignore line: [Run Build Command:/usr/bin/gmake "cmTryCompileExec/fast"]
  ignore line: [/usr/bin/gmake -f CMakeFiles/cmTryCompileExec.dir/build.make CMakeFiles/cmTryCompileExec.dir/build]
  ignore line: [gmake[1]: Entering directory `/home/cameron/Instrument-Trainer/build/CMakeFiles/CMakeTmp']
  ignore line: [/usr/bin/cmake -E cmake_progress_report /home/cameron/Instrument-Trainer/build/CMakeFiles/CMakeTmp/CMakeFiles 1]
  ignore line: [Building CXX object CMakeFiles/cmTryCompileExec.dir/CMakeCXXCompilerABI.cpp.o]
  ignore line: [/usr/bin/c++     -o CMakeFiles/cmTryCompileExec.dir/CMakeCXXCompilerABI.cpp.o -c /usr/share/cmake/Modules/CMakeCXXCompilerABI.cpp]
  ignore line: [Linking CXX executable cmTryCompileExec]
  ignore line: [/usr/bin/cmake -E cmake_link_script CMakeFiles/cmTryCompileExec.dir/link.txt --verbose=1]
  ignore line: [/usr/bin/c++        -v CMakeFiles/cmTryCompileExec.dir/CMakeCXXCompilerABI.cpp.o  -o cmTryCompileExec -rdynamic  ]
  ignore line: [Using built-in specs.]
  ignore line: [Target: i686-pc-linux-gnu]
  ignore line: [Configured with: /var/tmp/portage/sys-devel/gcc-4.3.3-r2/work/gcc-4.3.3/configure --prefix=/usr --bindir=/usr/i686-pc-linux-gnu/gcc-bin/4.3.3 --includedir=/usr/lib/gcc/i686-pc-linux-gnu/4.3.3/include --datadir=/usr/share/gcc-data/i686-pc-linux-gnu/4.3.3 --mandir=/usr/share/gcc-data/i686-pc-linux-gnu/4.3.3/man --infodir=/usr/share/gcc-data/i686-pc-linux-gnu/4.3.3/info --with-gxx-include-dir=/usr/lib/gcc/i686-pc-linux-gnu/4.3.3/include/g++-v4 --host=i686-pc-linux-gnu --build=i686-pc-linux-gnu --disable-altivec --disable-fixed-point --enable-nls --without-included-gettext --with-system-zlib --disable-checking --disable-werror --enable-secureplt --disable-multilib --enable-libmudflap --disable-libssp --enable-libgomp --enable-cld --disable-libgcj --with-arch=i686 --enable-languages=c,c++,treelang,fortran --enable-shared --enable-threads=posix --enable-__cxa_atexit --enable-clocale=gnu --with-bugurl=http://bugs.gentoo.org/ --with-pkgversion='Gentoo 4.3.3-r2 p1.2, pie-10.1.5']
  ignore line: [Thread model: posix]
  ignore line: [gcc version 4.3.3 (Gentoo 4.3.3-r2 p1.2, pie-10.1.5) ]
  ignore line: [COMPILER_PATH=/usr/libexec/gcc/i686-pc-linux-gnu/4.3.3/:/usr/libexec/gcc/i686-pc-linux-gnu/4.3.3/:/usr/libexec/gcc/i686-pc-linux-gnu/:/usr/lib/gcc/i686-pc-linux-gnu/4.3.3/:/usr/lib/gcc/i686-pc-linux-gnu/:/usr/libexec/gcc/i686-pc-linux-gnu/4.3.3/:/usr/libexec/gcc/i686-pc-linux-gnu/:/usr/lib/gcc/i686-pc-linux-gnu/4.3.3/:/usr/lib/gcc/i686-pc-linux-gnu/:/usr/lib/gcc/i686-pc-linux-gnu/4.3.3/../../../../i686-pc-linux-gnu/bin/]
  ignore line: [LIBRARY_PATH=/usr/lib/gcc/i686-pc-linux-gnu/4.3.3/:/usr/lib/gcc/i686-pc-linux-gnu/4.3.3/:/usr/lib/gcc/i686-pc-linux-gnu/4.3.3/../../../../i686-pc-linux-gnu/lib/:/usr/lib/gcc/i686-pc-linux-gnu/4.3.3/../../../:/lib/:/usr/lib/]
  ignore line: [COLLECT_GCC_OPTIONS='-v' '-o' 'cmTryCompileExec' '-rdynamic' '-shared-libgcc' '-mtune=generic' '-march=i686']
  link line: [ /usr/libexec/gcc/i686-pc-linux-gnu/4.3.3/collect2 --eh-frame-hdr -m elf_i386 -export-dynamic -dynamic-linker /lib/ld-linux.so.2 -o cmTryCompileExec /usr/lib/gcc/i686-pc-linux-gnu/4.3.3/../../../crt1.o /usr/lib/gcc/i686-pc-linux-gnu/4.3.3/../../../crti.o /usr/lib/gcc/i686-pc-linux-gnu/4.3.3/crtbegin.o -L/usr/lib/gcc/i686-pc-linux-gnu/4.3.3 -L/usr/lib/gcc/i686-pc-linux-gnu/4.3.3 -L/usr/lib/gcc/i686-pc-linux-gnu/4.3.3/../../../../i686-pc-linux-gnu/lib -L/usr/lib/gcc/i686-pc-linux-gnu/4.3.3/../../.. CMakeFiles/cmTryCompileExec.dir/CMakeCXXCompilerABI.cpp.o -lstdc++ -lm -lgcc_s -lgcc -lc -lgcc_s -lgcc /usr/lib/gcc/i686-pc-linux-gnu/4.3.3/crtend.o /usr/lib/gcc/i686-pc-linux-gnu/4.3.3/../../../crtn.o]
    arg [/usr/libexec/gcc/i686-pc-linux-gnu/4.3.3/collect2] ==> ignore
    arg [--eh-frame-hdr] ==> ignore
    arg [-m] ==> ignore
    arg [elf_i386] ==> ignore
    arg [-export-dynamic] ==> ignore
    arg [-dynamic-linker] ==> ignore
    arg [/lib/ld-linux.so.2] ==> ignore
    arg [-o] ==> ignore
    arg [cmTryCompileExec] ==> ignore
    arg [/usr/lib/gcc/i686-pc-linux-gnu/4.3.3/../../../crt1.o] ==> ignore
    arg [/usr/lib/gcc/i686-pc-linux-gnu/4.3.3/../../../crti.o] ==> ignore
    arg [/usr/lib/gcc/i686-pc-linux-gnu/4.3.3/crtbegin.o] ==> ignore
    arg [-L/usr/lib/gcc/i686-pc-linux-gnu/4.3.3] ==> dir [/usr/lib/gcc/i686-pc-linux-gnu/4.3.3]
    arg [-L/usr/lib/gcc/i686-pc-linux-gnu/4.3.3] ==> dir [/usr/lib/gcc/i686-pc-linux-gnu/4.3.3]
    arg [-L/usr/lib/gcc/i686-pc-linux-gnu/4.3.3/../../../../i686-pc-linux-gnu/lib] ==> dir [/usr/lib/gcc/i686-pc-linux-gnu/4.3.3/../../../../i686-pc-linux-gnu/lib]
    arg [-L/usr/lib/gcc/i686-pc-linux-gnu/4.3.3/../../..] ==> dir [/usr/lib/gcc/i686-pc-linux-gnu/4.3.3/../../..]
    arg [CMakeFiles/cmTryCompileExec.dir/CMakeCXXCompilerABI.cpp.o] ==> ignore
    arg [-lstdc++] ==> lib [stdc++]
    arg [-lm] ==> lib [m]
    arg [-lgcc_s] ==> lib [gcc_s]
    arg [-lgcc] ==> lib [gcc]
    arg [-lc] ==> lib [c]
    arg [-lgcc_s] ==> lib [gcc_s]
    arg [-lgcc] ==> lib [gcc]
    arg [/usr/lib/gcc/i686-pc-linux-gnu/4.3.3/crtend.o] ==> ignore
    arg [/usr/lib/gcc/i686-pc-linux-gnu/4.3.3/../../../crtn.o] ==> ignore
  remove lib [gcc_s]
  remove lib [gcc]
  remove lib [gcc_s]
  remove lib [gcc]
  collapse dir [/usr/lib/gcc/i686-pc-linux-gnu/4.3.3] ==> [/usr/lib/gcc/i686-pc-linux-gnu/4.3.3]
  collapse dir [/usr/lib/gcc/i686-pc-linux-gnu/4.3.3] ==> [/usr/lib/gcc/i686-pc-linux-gnu/4.3.3]
  collapse dir [/usr/lib/gcc/i686-pc-linux-gnu/4.3.3/../../../../i686-pc-linux-gnu/lib] ==> [/usr/i686-pc-linux-gnu/lib]
  collapse dir [/usr/lib/gcc/i686-pc-linux-gnu/4.3.3/../../..] ==> [/usr/lib]
  implicit libs: [stdc++;m;c]
  implicit dirs: [/usr/lib/gcc/i686-pc-linux-gnu/4.3.3;/usr/i686-pc-linux-gnu/lib;/usr/lib]


Determining if the function XOpenDisplay exists in the /usr/lib/libX11.so;/usr/lib/libXext.so passed with the following output:
Change Dir: /home/cameron/Instrument-Trainer/build/CMakeFiles/CMakeTmp

Run Build Command:/usr/bin/gmake "cmTryCompileExec/fast"
/usr/bin/gmake -f CMakeFiles/cmTryCompileExec.dir/build.make CMakeFiles/cmTryCompileExec.dir/build
gmake[1]: Entering directory `/home/cameron/Instrument-Trainer/build/CMakeFiles/CMakeTmp'
/usr/bin/cmake -E cmake_progress_report /home/cameron/Instrument-Trainer/build/CMakeFiles/CMakeTmp/CMakeFiles 1
Building C object CMakeFiles/cmTryCompileExec.dir/CheckFunctionExists.c.o
/usr/bin/gcc   -DCHECK_FUNCTION_EXISTS=XOpenDisplay   -o CMakeFiles/cmTryCompileExec.dir/CheckFunctionExists.c.o   -c /usr/share/cmake/Modules/CheckFunctionExists.c
Linking C executable cmTryCompileExec
/usr/bin/cmake -E cmake_link_script CMakeFiles/cmTryCompileExec.dir/link.txt --verbose=1
/usr/bin/gcc     -DCHECK_FUNCTION_EXISTS=XOpenDisplay   CMakeFiles/cmTryCompileExec.dir/CheckFunctionExists.c.o  -o cmTryCompileExec -rdynamic -lX11 -lXext 
gmake[1]: Leaving directory `/home/cameron/Instrument-Trainer/build/CMakeFiles/CMakeTmp'


Determining if the function gethostbyname exists passed with the following output:
Change Dir: /home/cameron/Instrument-Trainer/build/CMakeFiles/CMakeTmp

Run Build Command:/usr/bin/gmake "cmTryCompileExec/fast"
/usr/bin/gmake -f CMakeFiles/cmTryCompileExec.dir/build.make CMakeFiles/cmTryCompileExec.dir/build
gmake[1]: Entering directory `/home/cameron/Instrument-Trainer/build/CMakeFiles/CMakeTmp'
/usr/bin/cmake -E cmake_progress_report /home/cameron/Instrument-Trainer/build/CMakeFiles/CMakeTmp/CMakeFiles 1
Building C object CMakeFiles/cmTryCompileExec.dir/CheckFunctionExists.c.o
/usr/bin/gcc   -DCHECK_FUNCTION_EXISTS=gethostbyname   -o CMakeFiles/cmTryCompileExec.dir/CheckFunctionExists.c.o   -c /usr/share/cmake/Modules/CheckFunctionExists.c
Linking C executable cmTryCompileExec
/usr/bin/cmake -E cmake_link_script CMakeFiles/cmTryCompileExec.dir/link.txt --verbose=1
/usr/bin/gcc     -DCHECK_FUNCTION_EXISTS=gethostbyname   CMakeFiles/cmTryCompileExec.dir/CheckFunctionExists.c.o  -o cmTryCompileExec -rdynamic 
gmake[1]: Leaving directory `/home/cameron/Instrument-Trainer/build/CMakeFiles/CMakeTmp'


Determining if the function connect exists passed with the following output:
Change Dir: /home/cameron/Instrument-Trainer/build/CMakeFiles/CMakeTmp

Run Build Command:/usr/bin/gmake "cmTryCompileExec/fast"
/usr/bin/gmake -f CMakeFiles/cmTryCompileExec.dir/build.make CMakeFiles/cmTryCompileExec.dir/build
gmake[1]: Entering directory `/home/cameron/Instrument-Trainer/build/CMakeFiles/CMakeTmp'
/usr/bin/cmake -E cmake_progress_report /home/cameron/Instrument-Trainer/build/CMakeFiles/CMakeTmp/CMakeFiles 1
Building C object CMakeFiles/cmTryCompileExec.dir/CheckFunctionExists.c.o
/usr/bin/gcc   -DCHECK_FUNCTION_EXISTS=connect   -o CMakeFiles/cmTryCompileExec.dir/CheckFunctionExists.c.o   -c /usr/share/cmake/Modules/CheckFunctionExists.c
Linking C executable cmTryCompileExec
/usr/bin/cmake -E cmake_link_script CMakeFiles/cmTryCompileExec.dir/link.txt --verbose=1
/usr/bin/gcc     -DCHECK_FUNCTION_EXISTS=connect   CMakeFiles/cmTryCompileExec.dir/CheckFunctionExists.c.o  -o cmTryCompileExec -rdynamic 
gmake[1]: Leaving directory `/home/cameron/Instrument-Trainer/build/CMakeFiles/CMakeTmp'


Determining if the function remove exists passed with the following output:
Change Dir: /home/cameron/Instrument-Trainer/build/CMakeFiles/CMakeTmp

Run Build Command:/usr/bin/gmake "cmTryCompileExec/fast"
/usr/bin/gmake -f CMakeFiles/cmTryCompileExec.dir/build.make CMakeFiles/cmTryCompileExec.dir/build
gmake[1]: Entering directory `/home/cameron/Instrument-Trainer/build/CMakeFiles/CMakeTmp'
/usr/bin/cmake -E cmake_progress_report /home/cameron/Instrument-Trainer/build/CMakeFiles/CMakeTmp/CMakeFiles 1
Building C object CMakeFiles/cmTryCompileExec.dir/CheckFunctionExists.c.o
/usr/bin/gcc   -DCHECK_FUNCTION_EXISTS=remove   -o CMakeFiles/cmTryCompileExec.dir/CheckFunctionExists.c.o   -c /usr/share/cmake/Modules/CheckFunctionExists.c
Linking C executable cmTryCompileExec
/usr/bin/cmake -E cmake_link_script CMakeFiles/cmTryCompileExec.dir/link.txt --verbose=1
/usr/bin/gcc     -DCHECK_FUNCTION_EXISTS=remove   CMakeFiles/cmTryCompileExec.dir/CheckFunctionExists.c.o  -o cmTryCompileExec -rdynamic 
gmake[1]: Leaving directory `/home/cameron/Instrument-Trainer/build/CMakeFiles/CMakeTmp'


Determining if the function shmat exists passed with the following output:
Change Dir: /home/cameron/Instrument-Trainer/build/CMakeFiles/CMakeTmp

Run Build Command:/usr/bin/gmake "cmTryCompileExec/fast"
/usr/bin/gmake -f CMakeFiles/cmTryCompileExec.dir/build.make CMakeFiles/cmTryCompileExec.dir/build
gmake[1]: Entering directory `/home/cameron/Instrument-Trainer/build/CMakeFiles/CMakeTmp'
/usr/bin/cmake -E cmake_progress_report /home/cameron/Instrument-Trainer/build/CMakeFiles/CMakeTmp/CMakeFiles 1
Building C object CMakeFiles/cmTryCompileExec.dir/CheckFunctionExists.c.o
/usr/bin/gcc   -DCHECK_FUNCTION_EXISTS=shmat   -o CMakeFiles/cmTryCompileExec.dir/CheckFunctionExists.c.o   -c /usr/share/cmake/Modules/CheckFunctionExists.c
Linking C executable cmTryCompileExec
/usr/bin/cmake -E cmake_link_script CMakeFiles/cmTryCompileExec.dir/link.txt --verbose=1
/usr/bin/gcc     -DCHECK_FUNCTION_EXISTS=shmat   CMakeFiles/cmTryCompileExec.dir/CheckFunctionExists.c.o  -o cmTryCompileExec -rdynamic 
gmake[1]: Leaving directory `/home/cameron/Instrument-Trainer/build/CMakeFiles/CMakeTmp'


Determining if the function IceConnectionNumber exists in the ICE passed with the following output:
Change Dir: /home/cameron/Instrument-Trainer/build/CMakeFiles/CMakeTmp

Run Build Command:/usr/bin/gmake "cmTryCompileExec/fast"
/usr/bin/gmake -f CMakeFiles/cmTryCompileExec.dir/build.make CMakeFiles/cmTryCompileExec.dir/build
gmake[1]: Entering directory `/home/cameron/Instrument-Trainer/build/CMakeFiles/CMakeTmp'
/usr/bin/cmake -E cmake_progress_report /home/cameron/Instrument-Trainer/build/CMakeFiles/CMakeTmp/CMakeFiles 1
Building C object CMakeFiles/cmTryCompileExec.dir/CheckFunctionExists.c.o
/usr/bin/gcc   -DCHECK_FUNCTION_EXISTS=IceConnectionNumber   -o CMakeFiles/cmTryCompileExec.dir/CheckFunctionExists.c.o   -c /usr/share/cmake/Modules/CheckFunctionExists.c
Linking C executable cmTryCompileExec
/usr/bin/cmake -E cmake_link_script CMakeFiles/cmTryCompileExec.dir/link.txt --verbose=1
/usr/bin/gcc     -DCHECK_FUNCTION_EXISTS=IceConnectionNumber   CMakeFiles/cmTryCompileExec.dir/CheckFunctionExists.c.o  -o cmTryCompileExec -rdynamic -lICE 
gmake[1]: Leaving directory `/home/cameron/Instrument-Trainer/build/CMakeFiles/CMakeTmp'


Determining if the Q_WS_X11 exist passed with the following output:
Change Dir: /home/cameron/Instrument-Trainer/build/CMakeFiles/CMakeTmp

Run Build Command:/usr/bin/gmake "cmTryCompileExec/fast"
/usr/bin/gmake -f CMakeFiles/cmTryCompileExec.dir/build.make CMakeFiles/cmTryCompileExec.dir/build
gmake[1]: Entering directory `/home/cameron/Instrument-Trainer/build/CMakeFiles/CMakeTmp'
/usr/bin/cmake -E cmake_progress_report /home/cameron/Instrument-Trainer/build/CMakeFiles/CMakeTmp/CMakeFiles 1
Building C object CMakeFiles/cmTryCompileExec.dir/CheckSymbolExists.c.o
/usr/bin/gcc   -I/usr/include/qt4   -o CMakeFiles/cmTryCompileExec.dir/CheckSymbolExists.c.o   -c /home/cameron/Instrument-Trainer/build/CMakeFiles/CMakeTmp/CheckSymbolExists.c
Linking C executable cmTryCompileExec
/usr/bin/cmake -E cmake_link_script CMakeFiles/cmTryCompileExec.dir/link.txt --verbose=1
/usr/bin/gcc        CMakeFiles/cmTryCompileExec.dir/CheckSymbolExists.c.o  -o cmTryCompileExec -rdynamic 
gmake[1]: Leaving directory `/home/cameron/Instrument-Trainer/build/CMakeFiles/CMakeTmp'

File /home/cameron/Instrument-Trainer/build/CMakeFiles/CMakeTmp/CheckSymbolExists.c:
/* */
#include <QtCore/qglobal.h>

void cmakeRequireSymbol(int dummy,...){(void)dummy;}
int main()
{
#ifndef Q_WS_X11
  cmakeRequireSymbol(0,&Q_WS_X11);
#endif
  return 0;
}

Determining if the _POSIX_TIMERS exist passed with the following output:
Change Dir: /home/cameron/Instrument-Trainer/build/CMakeFiles/CMakeTmp

Run Build Command:/usr/bin/gmake "cmTryCompileExec/fast"
/usr/bin/gmake -f CMakeFiles/cmTryCompileExec.dir/build.make CMakeFiles/cmTryCompileExec.dir/build
gmake[1]: Entering directory `/home/cameron/Instrument-Trainer/build/CMakeFiles/CMakeTmp'
/usr/bin/cmake -E cmake_progress_report /home/cameron/Instrument-Trainer/build/CMakeFiles/CMakeTmp/CMakeFiles 1
Building C object CMakeFiles/cmTryCompileExec.dir/CheckSymbolExists.c.o
/usr/bin/gcc    -o CMakeFiles/cmTryCompileExec.dir/CheckSymbolExists.c.o   -c /home/cameron/Instrument-Trainer/build/CMakeFiles/CMakeTmp/CheckSymbolExists.c
Linking C executable cmTryCompileExec
/usr/bin/cmake -E cmake_link_script CMakeFiles/cmTryCompileExec.dir/link.txt --verbose=1
/usr/bin/gcc        CMakeFiles/cmTryCompileExec.dir/CheckSymbolExists.c.o  -o cmTryCompileExec -rdynamic -lrt 
gmake[1]: Leaving directory `/home/cameron/Instrument-Trainer/build/CMakeFiles/CMakeTmp'

File /home/cameron/Instrument-Trainer/build/CMakeFiles/CMakeTmp/CheckSymbolExists.c:
/* */
#include <unistd.h>
#include <time.h>

void cmakeRequireSymbol(int dummy,...){(void)dummy;}
int main()
{
#ifndef _POSIX_TIMERS
  cmakeRequireSymbol(0,&_POSIX_TIMERS);
#endif
  return 0;
}

