This file contains any messages produced by compilers while
running configure, to aid debugging if configure makes a mistake.

It was created by configure, which was
generated by GNU Autoconf 2.60a.  Invocation command line was

  $ ./configure --no-create --no-recursion

## --------- ##
## Platform. ##
## --------- ##

hostname = tuxygentoo
uname -m = i686
uname -r = 2.6.33-tuxonice
uname -s = Linux
uname -v = #1 SMP PREEMPT Sat Apr 3 18:12:31 EDT 2010

/usr/bin/uname -p = Genuine Intel(R) CPU T2500 @ 2.00GHz
/bin/uname -X     = unknown

/bin/arch              = unknown
/usr/bin/arch -k       = unknown
/usr/convex/getsysinfo = unknown
/usr/bin/hostinfo      = unknown
/bin/machine           = unknown
/usr/bin/oslevel       = unknown
/bin/universe          = unknown

PATH: /usr/local/bin
PATH: /usr/bin
PATH: /bin
PATH: /opt/bin
PATH: /usr/i686-pc-linux-gnu/gcc-bin/4.3.3


## ----------- ##
## Core tests. ##
## ----------- ##

configure:2038: checking for a BSD-compatible install
configure:2094: result: /usr/bin/install -c
configure:2105: checking whether build environment is sane
configure:2148: result: yes
configure:2205: checking for gawk
configure:2221: found /usr/bin/gawk
configure:2232: result: gawk
configure:2243: checking whether make sets $(MAKE)
configure:2264: result: yes
configure:2445: checking whether to enable maintainer-specific portions of Makefiles
configure:2454: result: no
configure:2476: checking build system type
configure:2494: result: i686-pc-linux-gnu
configure:2516: checking host system type
configure:2531: result: i686-pc-linux-gnu
configure:2602: checking for gcc
configure:2618: found /usr/bin/gcc
configure:2629: result: gcc
configure:2867: checking for C compiler version
configure:2874: gcc --version >&5
gcc (Gentoo 4.3.3-r2 p1.2, pie-10.1.5) 4.3.3
Copyright (C) 2008 Free Software Foundation, Inc.
This is free software; see the source for copying conditions.  There is NO
warranty; not even for MERCHANTABILITY or FITNESS FOR A PARTICULAR PURPOSE.

configure:2877: $? = 0
configure:2884: gcc -v >&5
Using built-in specs.
Target: i686-pc-linux-gnu
Configured with: /var/tmp/portage/sys-devel/gcc-4.3.3-r2/work/gcc-4.3.3/configure --prefix=/usr --bindir=/usr/i686-pc-linux-gnu/gcc-bin/4.3.3 --includedir=/usr/lib/gcc/i686-pc-linux-gnu/4.3.3/include --datadir=/usr/share/gcc-data/i686-pc-linux-gnu/4.3.3 --mandir=/usr/share/gcc-data/i686-pc-linux-gnu/4.3.3/man --infodir=/usr/share/gcc-data/i686-pc-linux-gnu/4.3.3/info --with-gxx-include-dir=/usr/lib/gcc/i686-pc-linux-gnu/4.3.3/include/g++-v4 --host=i686-pc-linux-gnu --build=i686-pc-linux-gnu --disable-altivec --disable-fixed-point --enable-nls --without-included-gettext --with-system-zlib --disable-checking --disable-werror --enable-secureplt --disable-multilib --enable-libmudflap --disable-libssp --enable-libgomp --enable-cld --disable-libgcj --with-arch=i686 --enable-languages=c,c++,treelang,fortran --enable-shared --enable-threads=posix --enable-__cxa_atexit --enable-clocale=gnu --with-bugurl=http://bugs.gentoo.org/ --with-pkgversion='Gentoo 4.3.3-r2 p1.2, pie-10.1.5'
Thread model: posix
gcc version 4.3.3 (Gentoo 4.3.3-r2 p1.2, pie-10.1.5) 
configure:2887: $? = 0
configure:2894: gcc -V >&5
gcc: '-V' option must have argument
configure:2897: $? = 1
configure:2920: checking for C compiler default output file name
configure:2947: gcc    conftest.c  >&5
configure:2950: $? = 0
configure:2988: result: a.out
configure:3005: checking whether the C compiler works
configure:3015: ./a.out
configure:3018: $? = 0
configure:3035: result: yes
configure:3042: checking whether we are cross compiling
configure:3044: result: no
configure:3047: checking for suffix of executables
configure:3054: gcc -o conftest    conftest.c  >&5
configure:3057: $? = 0
configure:3081: result: 
configure:3087: checking for suffix of object files
configure:3113: gcc -c   conftest.c >&5
configure:3116: $? = 0
configure:3139: result: o
configure:3143: checking whether we are using the GNU C compiler
configure:3172: gcc -c   conftest.c >&5
configure:3178: $? = 0
configure:3185: test -z "$ac_c_werror_flag" || test ! -s conftest.err
configure:3188: $? = 0
configure:3195: test -s conftest.o
configure:3198: $? = 0
configure:3212: result: yes
configure:3217: checking whether gcc accepts -g
configure:3247: gcc -c -g  conftest.c >&5
configure:3253: $? = 0
configure:3260: test -z "$ac_c_werror_flag" || test ! -s conftest.err
configure:3263: $? = 0
configure:3270: test -s conftest.o
configure:3273: $? = 0
configure:3403: result: yes
configure:3420: checking for gcc option to accept ISO C89
configure:3494: gcc  -c -g -O2  conftest.c >&5
configure:3500: $? = 0
configure:3507: test -z "$ac_c_werror_flag" || test ! -s conftest.err
configure:3510: $? = 0
configure:3517: test -s conftest.o
configure:3520: $? = 0
configure:3540: result: none needed
configure:3569: checking for style of include used by make
configure:3597: result: GNU
configure:3625: checking dependency style of gcc
configure:3715: result: gcc3
configure:3750: checking for a BSD-compatible install
configure:3806: result: /usr/bin/install -c
configure:3847: checking for -Wextra option to gcc
configure:3863: gcc -c -g -O2 -Wextra  conftest.c >&5
configure:3869: $? = 0
configure:3876: test -z "$ac_c_werror_flag" || test ! -s conftest.err
configure:3879: $? = 0
configure:3886: test -s conftest.o
configure:3889: $? = 0
configure:3903: result: yes
configure:3995: checking for a sed that does not truncate output
configure:4049: result: /bin/sed
configure:4052: checking for grep that handles long lines and -e
configure:4126: result: /bin/grep
configure:4131: checking for egrep
configure:4209: result: /bin/grep -E
configure:4225: checking for ld used by gcc
configure:4292: result: /usr/i686-pc-linux-gnu/bin/ld
configure:4301: checking if the linker (/usr/i686-pc-linux-gnu/bin/ld) is GNU ld
configure:4316: result: yes
configure:4321: checking for /usr/i686-pc-linux-gnu/bin/ld option to reload object files
configure:4328: result: -r
configure:4346: checking for BSD-compatible nm
configure:4395: result: /usr/bin/nm -B
configure:4399: checking whether ln -s works
configure:4403: result: yes
configure:4410: checking how to recognise dependent libraries
configure:4586: result: pass_all
configure:4835: checking how to run the C preprocessor
configure:4875: gcc -E  conftest.c
configure:4881: $? = 0
configure:4919: gcc -E  conftest.c
conftest.c:10:28: error: ac_nonexistent.h: No such file or directory
configure:4925: $? = 1
configure: failed program was:
| /* confdefs.h.  */
| #define PACKAGE_NAME ""
| #define PACKAGE_TARNAME ""
| #define PACKAGE_VERSION ""
| #define PACKAGE_STRING ""
| #define PACKAGE_BUGREPORT ""
| #define PACKAGE "aubio"
| #define VERSION "0.3.2"
| /* end confdefs.h.  */
| #include <ac_nonexistent.h>
configure:4965: result: gcc -E
configure:4994: gcc -E  conftest.c
configure:5000: $? = 0
configure:5038: gcc -E  conftest.c
conftest.c:10:28: error: ac_nonexistent.h: No such file or directory
configure:5044: $? = 1
configure: failed program was:
| /* confdefs.h.  */
| #define PACKAGE_NAME ""
| #define PACKAGE_TARNAME ""
| #define PACKAGE_VERSION ""
| #define PACKAGE_STRING ""
| #define PACKAGE_BUGREPORT ""
| #define PACKAGE "aubio"
| #define VERSION "0.3.2"
| /* end confdefs.h.  */
| #include <ac_nonexistent.h>
configure:5089: checking for ANSI C header files
configure:5119: gcc -c -g -O2  conftest.c >&5
configure:5125: $? = 0
configure:5132: test -z "$ac_c_werror_flag" || test ! -s conftest.err
configure:5135: $? = 0
configure:5142: test -s conftest.o
configure:5145: $? = 0
configure:5241: gcc -o conftest -g -O2   conftest.c  >&5
configure:5244: $? = 0
configure:5250: ./conftest
configure:5253: $? = 0
configure:5270: result: yes
configure:5294: checking for sys/types.h
configure:5315: gcc -c -g -O2  conftest.c >&5
configure:5321: $? = 0
configure:5328: test -z "$ac_c_werror_flag" || test ! -s conftest.err
configure:5331: $? = 0
configure:5338: test -s conftest.o
configure:5341: $? = 0
configure:5354: result: yes
configure:5294: checking for sys/stat.h
configure:5315: gcc -c -g -O2  conftest.c >&5
configure:5321: $? = 0
configure:5328: test -z "$ac_c_werror_flag" || test ! -s conftest.err
configure:5331: $? = 0
configure:5338: test -s conftest.o
configure:5341: $? = 0
configure:5354: result: yes
configure:5294: checking for stdlib.h
configure:5315: gcc -c -g -O2  conftest.c >&5
configure:5321: $? = 0
configure:5328: test -z "$ac_c_werror_flag" || test ! -s conftest.err
configure:5331: $? = 0
configure:5338: test -s conftest.o
configure:5341: $? = 0
configure:5354: result: yes
configure:5294: checking for string.h
configure:5315: gcc -c -g -O2  conftest.c >&5
configure:5321: $? = 0
configure:5328: test -z "$ac_c_werror_flag" || test ! -s conftest.err
configure:5331: $? = 0
configure:5338: test -s conftest.o
configure:5341: $? = 0
configure:5354: result: yes
configure:5294: checking for memory.h
configure:5315: gcc -c -g -O2  conftest.c >&5
configure:5321: $? = 0
configure:5328: test -z "$ac_c_werror_flag" || test ! -s conftest.err
configure:5331: $? = 0
configure:5338: test -s conftest.o
configure:5341: $? = 0
configure:5354: result: yes
configure:5294: checking for strings.h
configure:5315: gcc -c -g -O2  conftest.c >&5
configure:5321: $? = 0
configure:5328: test -z "$ac_c_werror_flag" || test ! -s conftest.err
configure:5331: $? = 0
configure:5338: test -s conftest.o
configure:5341: $? = 0
configure:5354: result: yes
configure:5294: checking for inttypes.h
configure:5315: gcc -c -g -O2  conftest.c >&5
configure:5321: $? = 0
configure:5328: test -z "$ac_c_werror_flag" || test ! -s conftest.err
configure:5331: $? = 0
configure:5338: test -s conftest.o
configure:5341: $? = 0
configure:5354: result: yes
configure:5294: checking for stdint.h
configure:5315: gcc -c -g -O2  conftest.c >&5
configure:5321: $? = 0
configure:5328: test -z "$ac_c_werror_flag" || test ! -s conftest.err
configure:5331: $? = 0
configure:5338: test -s conftest.o
configure:5341: $? = 0
configure:5354: result: yes
configure:5294: checking for unistd.h
configure:5315: gcc -c -g -O2  conftest.c >&5
configure:5321: $? = 0
configure:5328: test -z "$ac_c_werror_flag" || test ! -s conftest.err
configure:5331: $? = 0
configure:5338: test -s conftest.o
configure:5341: $? = 0
configure:5354: result: yes
configure:5381: checking dlfcn.h usability
configure:5398: gcc -c -g -O2  conftest.c >&5
configure:5404: $? = 0
configure:5411: test -z "$ac_c_werror_flag" || test ! -s conftest.err
configure:5414: $? = 0
configure:5421: test -s conftest.o
configure:5424: $? = 0
configure:5435: result: yes
configure:5439: checking dlfcn.h presence
configure:5454: gcc -E  conftest.c
configure:5460: $? = 0
configure:5481: result: yes
configure:5509: checking for dlfcn.h
configure:5517: result: yes
configure:5588: checking for g++
configure:5604: found /usr/bin/g++
configure:5615: result: g++
configure:5646: checking for C++ compiler version
configure:5653: g++ --version >&5
g++ (Gentoo 4.3.3-r2 p1.2, pie-10.1.5) 4.3.3
Copyright (C) 2008 Free Software Foundation, Inc.
This is free software; see the source for copying conditions.  There is NO
warranty; not even for MERCHANTABILITY or FITNESS FOR A PARTICULAR PURPOSE.

configure:5656: $? = 0
configure:5663: g++ -v >&5
Using built-in specs.
Target: i686-pc-linux-gnu
Configured with: /var/tmp/portage/sys-devel/gcc-4.3.3-r2/work/gcc-4.3.3/configure --prefix=/usr --bindir=/usr/i686-pc-linux-gnu/gcc-bin/4.3.3 --includedir=/usr/lib/gcc/i686-pc-linux-gnu/4.3.3/include --datadir=/usr/share/gcc-data/i686-pc-linux-gnu/4.3.3 --mandir=/usr/share/gcc-data/i686-pc-linux-gnu/4.3.3/man --infodir=/usr/share/gcc-data/i686-pc-linux-gnu/4.3.3/info --with-gxx-include-dir=/usr/lib/gcc/i686-pc-linux-gnu/4.3.3/include/g++-v4 --host=i686-pc-linux-gnu --build=i686-pc-linux-gnu --disable-altivec --disable-fixed-point --enable-nls --without-included-gettext --with-system-zlib --disable-checking --disable-werror --enable-secureplt --disable-multilib --enable-libmudflap --disable-libssp --enable-libgomp --enable-cld --disable-libgcj --with-arch=i686 --enable-languages=c,c++,treelang,fortran --enable-shared --enable-threads=posix --enable-__cxa_atexit --enable-clocale=gnu --with-bugurl=http://bugs.gentoo.org/ --with-pkgversion='Gentoo 4.3.3-r2 p1.2, pie-10.1.5'
Thread model: posix
gcc version 4.3.3 (Gentoo 4.3.3-r2 p1.2, pie-10.1.5) 
configure:5666: $? = 0
configure:5673: g++ -V >&5
g++: '-V' option must have argument
configure:5676: $? = 1
configure:5679: checking whether we are using the GNU C++ compiler
configure:5708: g++ -c   conftest.cpp >&5
configure:5714: $? = 0
configure:5721: test -z "$ac_cxx_werror_flag" || test ! -s conftest.err
configure:5724: $? = 0
configure:5731: test -s conftest.o
configure:5734: $? = 0
configure:5748: result: yes
configure:5753: checking whether g++ accepts -g
configure:5783: g++ -c -g  conftest.cpp >&5
configure:5789: $? = 0
configure:5796: test -z "$ac_cxx_werror_flag" || test ! -s conftest.err
configure:5799: $? = 0
configure:5806: test -s conftest.o
configure:5809: $? = 0
configure:5939: result: yes
configure:5964: checking dependency style of g++
configure:6054: result: gcc3
configure:6081: checking how to run the C++ preprocessor
configure:6117: g++ -E  conftest.cpp
configure:6123: $? = 0
configure:6161: g++ -E  conftest.cpp
conftest.cpp:21:28: error: ac_nonexistent.h: No such file or directory
configure:6167: $? = 1
configure: failed program was:
| /* confdefs.h.  */
| #define PACKAGE_NAME ""
| #define PACKAGE_TARNAME ""
| #define PACKAGE_VERSION ""
| #define PACKAGE_STRING ""
| #define PACKAGE_BUGREPORT ""
| #define PACKAGE "aubio"
| #define VERSION "0.3.2"
| #define STDC_HEADERS 1
| #define HAVE_SYS_TYPES_H 1
| #define HAVE_SYS_STAT_H 1
| #define HAVE_STDLIB_H 1
| #define HAVE_STRING_H 1
| #define HAVE_MEMORY_H 1
| #define HAVE_STRINGS_H 1
| #define HAVE_INTTYPES_H 1
| #define HAVE_STDINT_H 1
| #define HAVE_UNISTD_H 1
| #define HAVE_DLFCN_H 1
| /* end confdefs.h.  */
| #include <ac_nonexistent.h>
configure:6207: result: g++ -E
configure:6236: g++ -E  conftest.cpp
configure:6242: $? = 0
configure:6280: g++ -E  conftest.cpp
conftest.cpp:21:28: error: ac_nonexistent.h: No such file or directory
configure:6286: $? = 1
configure: failed program was:
| /* confdefs.h.  */
| #define PACKAGE_NAME ""
| #define PACKAGE_TARNAME ""
| #define PACKAGE_VERSION ""
| #define PACKAGE_STRING ""
| #define PACKAGE_BUGREPORT ""
| #define PACKAGE "aubio"
| #define VERSION "0.3.2"
| #define STDC_HEADERS 1
| #define HAVE_SYS_TYPES_H 1
| #define HAVE_SYS_STAT_H 1
| #define HAVE_STDLIB_H 1
| #define HAVE_STRING_H 1
| #define HAVE_MEMORY_H 1
| #define HAVE_STRINGS_H 1
| #define HAVE_INTTYPES_H 1
| #define HAVE_STDINT_H 1
| #define HAVE_UNISTD_H 1
| #define HAVE_DLFCN_H 1
| /* end confdefs.h.  */
| #include <ac_nonexistent.h>
configure:6386: checking for g77
configure:6416: result: no
configure:6386: checking for f77
configure:6416: result: no
configure:6386: checking for xlf
configure:6416: result: no
configure:6386: checking for frt
configure:6416: result: no
configure:6386: checking for pgf77
configure:6416: result: no
configure:6386: checking for cf77
configure:6416: result: no
configure:6386: checking for fort77
configure:6416: result: no
configure:6386: checking for fl32
configure:6416: result: no
configure:6386: checking for af77
configure:6416: result: no
configure:6386: checking for f90
configure:6416: result: no
configure:6386: checking for xlf90
configure:6416: result: no
configure:6386: checking for pgf90
configure:6416: result: no
configure:6386: checking for pghpf
configure:6416: result: no
configure:6386: checking for epcf90
configure:6416: result: no
configure:6386: checking for gfortran
configure:6402: found /usr/bin/gfortran
configure:6413: result: gfortran
configure:6443: checking for Fortran 77 compiler version
configure:6450: gfortran --version >&5
GNU Fortran (Gentoo 4.3.3-r2 p1.2, pie-10.1.5) 4.3.3
Copyright (C) 2008 Free Software Foundation, Inc.

GNU Fortran comes with NO WARRANTY, to the extent permitted by law.
You may redistribute copies of GNU Fortran
under the terms of the GNU General Public License.
For more information about these matters, see the file named COPYING

configure:6453: $? = 0
configure:6460: gfortran -v >&5
Using built-in specs.
Target: i686-pc-linux-gnu
Configured with: /var/tmp/portage/sys-devel/gcc-4.3.3-r2/work/gcc-4.3.3/configure --prefix=/usr --bindir=/usr/i686-pc-linux-gnu/gcc-bin/4.3.3 --includedir=/usr/lib/gcc/i686-pc-linux-gnu/4.3.3/include --datadir=/usr/share/gcc-data/i686-pc-linux-gnu/4.3.3 --mandir=/usr/share/gcc-data/i686-pc-linux-gnu/4.3.3/man --infodir=/usr/share/gcc-data/i686-pc-linux-gnu/4.3.3/info --with-gxx-include-dir=/usr/lib/gcc/i686-pc-linux-gnu/4.3.3/include/g++-v4 --host=i686-pc-linux-gnu --build=i686-pc-linux-gnu --disable-altivec --disable-fixed-point --enable-nls --without-included-gettext --with-system-zlib --disable-checking --disable-werror --enable-secureplt --disable-multilib --enable-libmudflap --disable-libssp --enable-libgomp --enable-cld --disable-libgcj --with-arch=i686 --enable-languages=c,c++,treelang,fortran --enable-shared --enable-threads=posix --enable-__cxa_atexit --enable-clocale=gnu --with-bugurl=http://bugs.gentoo.org/ --with-pkgversion='Gentoo 4.3.3-r2 p1.2, pie-10.1.5'
Thread model: posix
gcc version 4.3.3 (Gentoo 4.3.3-r2 p1.2, pie-10.1.5) 
configure:6463: $? = 0
configure:6470: gfortran -V >&5
gfortran: '-V' option must have argument
configure:6473: $? = 1
configure:6481: checking whether we are using the GNU Fortran 77 compiler
configure:6500: gfortran -c  conftest.F >&5
configure:6506: $? = 0
configure:6513: test -z "$ac_f77_werror_flag" || test ! -s conftest.err
configure:6516: $? = 0
configure:6523: test -s conftest.o
configure:6526: $? = 0
configure:6540: result: yes
configure:6546: checking whether gfortran accepts -g
configure:6563: gfortran -c -g conftest.f >&5
configure:6569: $? = 0
configure:6576: test -z "$ac_f77_werror_flag" || test ! -s conftest.err
configure:6579: $? = 0
configure:6586: test -s conftest.o
configure:6589: $? = 0
configure:6602: result: yes
configure:6632: checking the maximum length of command line arguments
configure:6741: result: 32768
configure:6752: checking command to parse /usr/bin/nm -B output from gcc object
configure:6857: gcc -c -g -O2  conftest.c >&5
configure:6860: $? = 0
configure:6864: /usr/bin/nm -B conftest.o \| sed -n -e 's/^.*[ 	]\([ABCDGIRSTW][ABCDGIRSTW]*\)[ 	][ 	]*\([_A-Za-z][_A-Za-z0-9]*\)$/\1 \2 \2/p' \> conftest.nm
configure:6867: $? = 0
configure:6919: gcc -o conftest -g -O2   conftest.c conftstm.o >&5
configure:6922: $? = 0
configure:6960: result: ok
configure:6964: checking for objdir
configure:6979: result: .libs
configure:7071: checking for ar
configure:7087: found /usr/bin/ar
configure:7098: result: ar
configure:7167: checking for ranlib
configure:7183: found /usr/bin/ranlib
configure:7194: result: ranlib
configure:7263: checking for strip
configure:7279: found /usr/bin/strip
configure:7290: result: strip
configure:7576: checking if gcc supports -fno-rtti -fno-exceptions
configure:7594: gcc -c -g -O2  -fno-rtti -fno-exceptions conftest.c >&5
cc1: warning: command line option "-fno-rtti" is valid for C++/ObjC++ but not for C
configure:7598: $? = 0
configure:7611: result: no
configure:7626: checking for gcc option to produce PIC
configure:7836: result: -fPIC
configure:7844: checking if gcc PIC flag -fPIC works
configure:7862: gcc -c -g -O2  -fPIC -DPIC conftest.c >&5
configure:7866: $? = 0
configure:7879: result: yes
configure:7907: checking if gcc static flag -static works
configure:7935: result: yes
configure:7945: checking if gcc supports -c -o file.o
configure:7966: gcc -c -g -O2  -o out/conftest2.o conftest.c >&5
configure:7970: $? = 0
configure:7992: result: yes
configure:8018: checking whether the gcc linker (/usr/i686-pc-linux-gnu/bin/ld) supports shared libraries
configure:9005: result: yes
configure:9026: checking whether -lc should be explicitly linked in
configure:9031: gcc -c -g -O2  conftest.c >&5
configure:9034: $? = 0
configure:9049: gcc -shared conftest.o  -v -Wl,-soname -Wl,conftest -o conftest 2\>\&1 \| grep  -lc  \>/dev/null 2\>\&1
configure:9052: $? = 0
configure:9064: result: no
configure:9072: checking dynamic linker characteristics
configure:9648: result: GNU/Linux ld.so
configure:9657: checking how to hardcode library paths into programs
configure:9682: result: immediate
configure:9696: checking whether stripping libraries is possible
configure:9701: result: yes
configure:9840: checking for shl_load
configure:9896: gcc -o conftest -g -O2   conftest.c  >&5
/tmp/ccOF4pfE.o: In function `main':
/home/cameron/Instrument-Trainer/aubio-0.3.2/conftest.c:55: undefined reference to `shl_load'
collect2: ld returned 1 exit status
configure:9902: $? = 1
configure: failed program was:
| /* confdefs.h.  */
| #define PACKAGE_NAME ""
| #define PACKAGE_TARNAME ""
| #define PACKAGE_VERSION ""
| #define PACKAGE_STRING ""
| #define PACKAGE_BUGREPORT ""
| #define PACKAGE "aubio"
| #define VERSION "0.3.2"
| #define STDC_HEADERS 1
| #define HAVE_SYS_TYPES_H 1
| #define HAVE_SYS_STAT_H 1
| #define HAVE_STDLIB_H 1
| #define HAVE_STRING_H 1
| #define HAVE_MEMORY_H 1
| #define HAVE_STRINGS_H 1
| #define HAVE_INTTYPES_H 1
| #define HAVE_STDINT_H 1
| #define HAVE_UNISTD_H 1
| #define HAVE_DLFCN_H 1
| /* end confdefs.h.  */
| /* Define shl_load to an innocuous variant, in case <limits.h> declares shl_load.
|    For example, HP-UX 11i <limits.h> declares gettimeofday.  */
| #define shl_load innocuous_shl_load
| 
| /* System header to define __stub macros and hopefully few prototypes,
|     which can conflict with char shl_load (); below.
|     Prefer <limits.h> to <assert.h> if __STDC__ is defined, since
|     <limits.h> exists even on freestanding compilers.  */
| 
| #ifdef __STDC__
| # include <limits.h>
| #else
| # include <assert.h>
| #endif
| 
| #undef shl_load
| 
| /* Override any GCC internal prototype to avoid an error.
|    Use char because int might match the return type of a GCC
|    builtin and then its argument prototype would still apply.  */
| #ifdef __cplusplus
| extern "C"
| #endif
| char shl_load ();
| /* The GNU C library defines this for functions which it implements
|     to always fail with ENOSYS.  Some functions are actually named
|     something starting with __ and the normal name is an alias.  */
| #if defined __stub_shl_load || defined __stub___shl_load
| choke me
| #endif
| 
| int
| main ()
| {
| return shl_load ();
|   ;
|   return 0;
| }
configure:9935: result: no
configure:9940: checking for shl_load in -ldld
configure:9975: gcc -o conftest -g -O2   conftest.c -ldld   >&5
/usr/lib/gcc/i686-pc-linux-gnu/4.3.3/../../../../i686-pc-linux-gnu/bin/ld: cannot find -ldld
collect2: ld returned 1 exit status
configure:9981: $? = 1
configure: failed program was:
| /* confdefs.h.  */
| #define PACKAGE_NAME ""
| #define PACKAGE_TARNAME ""
| #define PACKAGE_VERSION ""
| #define PACKAGE_STRING ""
| #define PACKAGE_BUGREPORT ""
| #define PACKAGE "aubio"
| #define VERSION "0.3.2"
| #define STDC_HEADERS 1
| #define HAVE_SYS_TYPES_H 1
| #define HAVE_SYS_STAT_H 1
| #define HAVE_STDLIB_H 1
| #define HAVE_STRING_H 1
| #define HAVE_MEMORY_H 1
| #define HAVE_STRINGS_H 1
| #define HAVE_INTTYPES_H 1
| #define HAVE_STDINT_H 1
| #define HAVE_UNISTD_H 1
| #define HAVE_DLFCN_H 1
| /* end confdefs.h.  */
| 
| /* Override any GCC internal prototype to avoid an error.
|    Use char because int might match the return type of a GCC
|    builtin and then its argument prototype would still apply.  */
| #ifdef __cplusplus
| extern "C"
| #endif
| char shl_load ();
| int
| main ()
| {
| return shl_load ();
|   ;
|   return 0;
| }
configure:10015: result: no
configure:10020: checking for dlopen
configure:10076: gcc -o conftest -g -O2   conftest.c  >&5
/tmp/ccuDdBUU.o: In function `main':
/home/cameron/Instrument-Trainer/aubio-0.3.2/conftest.c:55: undefined reference to `dlopen'
collect2: ld returned 1 exit status
configure:10082: $? = 1
configure: failed program was:
| /* confdefs.h.  */
| #define PACKAGE_NAME ""
| #define PACKAGE_TARNAME ""
| #define PACKAGE_VERSION ""
| #define PACKAGE_STRING ""
| #define PACKAGE_BUGREPORT ""
| #define PACKAGE "aubio"
| #define VERSION "0.3.2"
| #define STDC_HEADERS 1
| #define HAVE_SYS_TYPES_H 1
| #define HAVE_SYS_STAT_H 1
| #define HAVE_STDLIB_H 1
| #define HAVE_STRING_H 1
| #define HAVE_MEMORY_H 1
| #define HAVE_STRINGS_H 1
| #define HAVE_INTTYPES_H 1
| #define HAVE_STDINT_H 1
| #define HAVE_UNISTD_H 1
| #define HAVE_DLFCN_H 1
| /* end confdefs.h.  */
| /* Define dlopen to an innocuous variant, in case <limits.h> declares dlopen.
|    For example, HP-UX 11i <limits.h> declares gettimeofday.  */
| #define dlopen innocuous_dlopen
| 
| /* System header to define __stub macros and hopefully few prototypes,
|     which can conflict with char dlopen (); below.
|     Prefer <limits.h> to <assert.h> if __STDC__ is defined, since
|     <limits.h> exists even on freestanding compilers.  */
| 
| #ifdef __STDC__
| # include <limits.h>
| #else
| # include <assert.h>
| #endif
| 
| #undef dlopen
| 
| /* Override any GCC internal prototype to avoid an error.
|    Use char because int might match the return type of a GCC
|    builtin and then its argument prototype would still apply.  */
| #ifdef __cplusplus
| extern "C"
| #endif
| char dlopen ();
| /* The GNU C library defines this for functions which it implements
|     to always fail with ENOSYS.  Some functions are actually named
|     something starting with __ and the normal name is an alias.  */
| #if defined __stub_dlopen || defined __stub___dlopen
| choke me
| #endif
| 
| int
| main ()
| {
| return dlopen ();
|   ;
|   return 0;
| }
configure:10115: result: no
configure:10120: checking for dlopen in -ldl
configure:10155: gcc -o conftest -g -O2   conftest.c -ldl   >&5
configure:10161: $? = 0
configure:10168: test -z "$ac_c_werror_flag" || test ! -s conftest.err
configure:10171: $? = 0
configure:10178: test -s conftest
configure:10181: $? = 0
configure:10195: result: yes
configure:10396: checking whether a program can dlopen itself
configure:10470: gcc -o conftest -g -O2  -DHAVE_DLFCN_H  -Wl,--export-dynamic conftest.c -ldl  >&5
configure: In function 'main':
configure:10466: warning: incompatible implicit declaration of built-in function 'exit'
configure:10473: $? = 0
configure:10491: result: yes
configure:10496: checking whether a statically linked program can dlopen itself
configure:10570: gcc -o conftest -g -O2  -DHAVE_DLFCN_H  -Wl,--export-dynamic -static conftest.c -ldl  >&5
configure: In function 'main':
configure:10566: warning: incompatible implicit declaration of built-in function 'exit'
/tmp/ccQkuB4o.o: In function `main':
/home/cameron/Instrument-Trainer/aubio-0.3.2/configure:10554: warning: Using 'dlopen' in statically linked applications requires at runtime the shared libraries from the glibc version used for linking
configure:10573: $? = 0
/lib/: cannot read file data: Is a directory
configure:10591: result: no
configure:10614: checking if libtool supports shared libraries
configure:10616: result: yes
configure:10619: checking whether to build shared libraries
configure:10640: result: yes
configure:10643: checking whether to build static libraries
configure:10647: result: yes
configure:10739: creating libtool
configure:11327: checking for ld used by g++
configure:11394: result: /usr/i686-pc-linux-gnu/bin/ld
configure:11403: checking if the linker (/usr/i686-pc-linux-gnu/bin/ld) is GNU ld
configure:11418: result: yes
configure:11469: checking whether the g++ linker (/usr/i686-pc-linux-gnu/bin/ld) supports shared libraries
configure:12435: result: yes
configure:12453: g++ -c -g -O2  conftest.cpp >&5
configure:12456: $? = 0
configure:12575: checking for g++ option to produce PIC
configure:12849: result: -fPIC
configure:12857: checking if g++ PIC flag -fPIC works
configure:12875: g++ -c -g -O2  -fPIC -DPIC conftest.cpp >&5
configure:12879: $? = 0
configure:12892: result: yes
configure:12920: checking if g++ static flag -static works
configure:12948: result: yes
configure:12958: checking if g++ supports -c -o file.o
configure:12979: g++ -c -g -O2  -o out/conftest2.o conftest.cpp >&5
configure:12983: $? = 0
configure:13005: result: yes
configure:13031: checking whether the g++ linker (/usr/i686-pc-linux-gnu/bin/ld) supports shared libraries
configure:13059: result: yes
configure:13126: checking dynamic linker characteristics
configure:13702: result: GNU/Linux ld.so
configure:13711: checking how to hardcode library paths into programs
configure:13736: result: immediate
configure:14262: checking if libtool supports shared libraries
configure:14264: result: yes
configure:14267: checking whether to build shared libraries
configure:14287: result: yes
configure:14290: checking whether to build static libraries
configure:14294: result: yes
configure:14304: checking for gfortran option to produce PIC
configure:14514: result: -fPIC
configure:14522: checking if gfortran PIC flag -fPIC works
configure:14540: gfortran -c -g -O2 -fPIC conftest.f >&5
configure:14544: $? = 0
configure:14557: result: yes
configure:14585: checking if gfortran static flag -static works
configure:14613: result: yes
configure:14623: checking if gfortran supports -c -o file.o
configure:14644: gfortran -c -g -O2 -o out/conftest2.o conftest.f >&5
configure:14648: $? = 0
configure:14670: result: yes
configure:14696: checking whether the gfortran linker (/usr/i686-pc-linux-gnu/bin/ld) supports shared libraries
configure:15663: result: yes
configure:15730: checking dynamic linker characteristics
configure:16306: result: GNU/Linux ld.so
configure:16315: checking how to hardcode library paths into programs
configure:16340: result: immediate
configure:20225: checking for library containing strerror
configure:20266: gcc -o conftest -g -O2   conftest.c  >&5
configure:20272: $? = 0
configure:20279: test -z "$ac_c_werror_flag" || test ! -s conftest.err
configure:20282: $? = 0
configure:20289: test -s conftest
configure:20292: $? = 0
configure:20316: result: none required
configure:20328: checking for pthread_create in -lpthread
configure:20363: gcc -o conftest -g -O2   conftest.c -lpthread   >&5
configure:20369: $? = 0
configure:20376: test -z "$ac_c_werror_flag" || test ! -s conftest.err
configure:20379: $? = 0
configure:20386: test -s conftest
configure:20389: $? = 0
configure:20403: result: yes
configure:20415: checking for ANSI C header files
configure:20596: result: yes
configure:20618: checking for string.h
configure:20624: result: yes
configure:20618: checking for stdlib.h
configure:20624: result: yes
configure:20628: checking stdio.h usability
configure:20645: gcc -c -g -O2  conftest.c >&5
configure:20651: $? = 0
configure:20658: test -z "$ac_c_werror_flag" || test ! -s conftest.err
configure:20661: $? = 0
configure:20668: test -s conftest.o
configure:20671: $? = 0
configure:20682: result: yes
configure:20686: checking stdio.h presence
configure:20701: gcc -E  conftest.c
configure:20707: $? = 0
configure:20728: result: yes
configure:20756: checking for stdio.h
configure:20764: result: yes
configure:20628: checking math.h usability
configure:20645: gcc -c -g -O2  conftest.c >&5
configure:20651: $? = 0
configure:20658: test -z "$ac_c_werror_flag" || test ! -s conftest.err
configure:20661: $? = 0
configure:20668: test -s conftest.o
configure:20671: $? = 0
configure:20682: result: yes
configure:20686: checking math.h presence
configure:20701: gcc -E  conftest.c
configure:20707: $? = 0
configure:20728: result: yes
configure:20756: checking for math.h
configure:20764: result: yes
configure:20628: checking errno.h usability
configure:20645: gcc -c -g -O2  conftest.c >&5
configure:20651: $? = 0
configure:20658: test -z "$ac_c_werror_flag" || test ! -s conftest.err
configure:20661: $? = 0
configure:20668: test -s conftest.o
configure:20671: $? = 0
configure:20682: result: yes
configure:20686: checking errno.h presence
configure:20701: gcc -E  conftest.c
configure:20707: $? = 0
configure:20728: result: yes
configure:20756: checking for errno.h
configure:20764: result: yes
configure:20628: checking stdarg.h usability
configure:20645: gcc -c -g -O2  conftest.c >&5
configure:20651: $? = 0
configure:20658: test -z "$ac_c_werror_flag" || test ! -s conftest.err
configure:20661: $? = 0
configure:20668: test -s conftest.o
configure:20671: $? = 0
configure:20682: result: yes
configure:20686: checking stdarg.h presence
configure:20701: gcc -E  conftest.c
configure:20707: $? = 0
configure:20728: result: yes
configure:20756: checking for stdarg.h
configure:20764: result: yes
configure:20618: checking for unistd.h
configure:20624: result: yes
configure:20628: checking signal.h usability
configure:20645: gcc -c -g -O2  conftest.c >&5
configure:20651: $? = 0
configure:20658: test -z "$ac_c_werror_flag" || test ! -s conftest.err
configure:20661: $? = 0
configure:20668: test -s conftest.o
configure:20671: $? = 0
configure:20682: result: yes
configure:20686: checking signal.h presence
configure:20701: gcc -E  conftest.c
configure:20707: $? = 0
configure:20728: result: yes
configure:20756: checking for signal.h
configure:20764: result: yes
configure:20792: checking fftw3.h usability
configure:20809: gcc -c -g -O2  conftest.c >&5
configure:20815: $? = 0
configure:20822: test -z "$ac_c_werror_flag" || test ! -s conftest.err
configure:20825: $? = 0
configure:20832: test -s conftest.o
configure:20835: $? = 0
configure:20846: result: yes
configure:20850: checking fftw3.h presence
configure:20865: gcc -E  conftest.c
configure:20871: $? = 0
configure:20892: result: yes
configure:20920: checking for fftw3.h
configure:20928: result: yes
configure:20968: checking complex.h usability
configure:20985: gcc -c -g -O2  conftest.c >&5
configure:20991: $? = 0
configure:20998: test -z "$ac_c_werror_flag" || test ! -s conftest.err
configure:21001: $? = 0
configure:21008: test -s conftest.o
configure:21011: $? = 0
configure:21022: result: yes
configure:21026: checking complex.h presence
configure:21041: gcc -E  conftest.c
configure:21047: $? = 0
configure:21068: result: yes
configure:21096: checking for complex.h
configure:21104: result: yes
configure:21122: checking for C99 __VA_ARGS__ macro
configure:21153: gcc -c -g -O2  conftest.c >&5
configure:21159: $? = 0
configure:21166: test -z "$ac_c_werror_flag" || test ! -s conftest.err
configure:21169: $? = 0
configure:21176: test -s conftest.o
configure:21179: $? = 0
configure:21192: result: yes
configure:21204: checking for pkg-config
configure:21222: found /usr/bin/pkg-config
configure:21235: result: /usr/bin/pkg-config
configure:21352: checking pkg-config is at least version 0.9.0
configure:21355: result: yes
configure:21366: checking for SNDLIB
configure:21374: $PKG_CONFIG --exists --print-errors "sndfile >= 1.0.4"
configure:21377: $? = 0
configure:21392: $PKG_CONFIG --exists --print-errors "sndfile >= 1.0.4"
configure:21395: $? = 0
configure:21471: result: yes
configure:21477: checking for SAMPLERATE
configure:21485: $PKG_CONFIG --exists --print-errors "samplerate  >= 0.0.15"
configure:21488: $? = 0
configure:21503: $PKG_CONFIG --exists --print-errors "samplerate  >= 0.0.15"
configure:21506: $? = 0
configure:21582: result: yes
configure:21605: checking for FFTWLIB
configure:21613: $PKG_CONFIG --exists --print-errors "fftw3f >= 3.0.0"
configure:21616: $? = 0
configure:21631: $PKG_CONFIG --exists --print-errors "fftw3f >= 3.0.0"
configure:21634: $? = 0
configure:21670: result: yes
configure:21926: checking for JACK
configure:21934: $PKG_CONFIG --exists --print-errors "jack  >= 0.15.0"
configure:21937: $? = 0
configure:21952: $PKG_CONFIG --exists --print-errors "jack  >= 0.15.0"
configure:21955: $? = 0
configure:21991: result: yes
configure:22017: checking for ALSA
configure:22025: $PKG_CONFIG --exists --print-errors "alsa >= 0.0.9"
configure:22028: $? = 0
configure:22043: $PKG_CONFIG --exists --print-errors "alsa >= 0.0.9"
configure:22046: $? = 0
configure:22082: result: yes
configure:22110: checking for LASH
configure:22118: $PKG_CONFIG --exists --print-errors "lash-1.0 >= 0.5.0"
Package lash-1.0 was not found in the pkg-config search path.
Perhaps you should add the directory containing `lash-1.0.pc'
to the PKG_CONFIG_PATH environment variable
No package 'lash-1.0' found
configure:22121: $? = 1
configure:22136: $PKG_CONFIG --exists --print-errors "lash-1.0 >= 0.5.0"
Package lash-1.0 was not found in the pkg-config search path.
Perhaps you should add the directory containing `lash-1.0.pc'
to the PKG_CONFIG_PATH environment variable
No package 'lash-1.0' found
configure:22139: $? = 1
No package 'lash-1.0' found
configure:22167: result: no
configure:22206: checking for swig
configure:22224: found /usr/bin/swig
configure:22237: result: /usr/bin/swig
configure:22266: checking for python
configure:22284: found /usr/bin/python
configure:22296: result: /usr/bin/python
configure:22318: checking for python version
configure:22325: result: 2.6
configure:22337: checking for python platform
configure:22344: result: linux2
configure:22351: checking for python script directory
configure:22359: result: ${prefix}/lib/python2.6/site-packages
configure:22368: checking for python extension module directory
configure:22376: result: ${exec_prefix}/lib/python2.6/site-packages
configure:22402: checking for docbook-to-man
configure:22433: result: no
configure:22462: checking m_pd.h usability
configure:22479: gcc -c -g -O2  conftest.c >&5
conftest.c:71:18: error: m_pd.h: No such file or directory
configure:22485: $? = 1
configure: failed program was:
| /* confdefs.h.  */
| #define PACKAGE_NAME ""
| #define PACKAGE_TARNAME ""
| #define PACKAGE_VERSION ""
| #define PACKAGE_STRING ""
| #define PACKAGE_BUGREPORT ""
| #define PACKAGE "aubio"
| #define VERSION "0.3.2"
| #define STDC_HEADERS 1
| #define HAVE_SYS_TYPES_H 1
| #define HAVE_SYS_STAT_H 1
| #define HAVE_STDLIB_H 1
| #define HAVE_STRING_H 1
| #define HAVE_MEMORY_H 1
| #define HAVE_STRINGS_H 1
| #define HAVE_INTTYPES_H 1
| #define HAVE_STDINT_H 1
| #define HAVE_UNISTD_H 1
| #define HAVE_DLFCN_H 1
| #define HAVE_LIBPTHREAD 1
| #define STDC_HEADERS 1
| #define HAVE_STRING_H 1
| #define HAVE_STDLIB_H 1
| #define HAVE_STDIO_H 1
| #define HAVE_MATH_H 1
| #define HAVE_ERRNO_H 1
| #define HAVE_STDARG_H 1
| #define HAVE_UNISTD_H 1
| #define HAVE_SIGNAL_H 1
| #define HAVE_FFTW3_H 1
| #define HAVE_COMPLEX_H 1
| #define HAVE_C99_VARARGS_MACROS 1
| #define SNDLIB_SUPPORT 1
| #define FFTW3F_SUPPORT 1
| #define JACK_SUPPORT 1
| #define ALSA_SUPPORT 1
| /* end confdefs.h.  */
| #include <stdio.h>
| #ifdef HAVE_SYS_TYPES_H
| # include <sys/types.h>
| #endif
| #ifdef HAVE_SYS_STAT_H
| # include <sys/stat.h>
| #endif
| #ifdef STDC_HEADERS
| # include <stdlib.h>
| # include <stddef.h>
| #else
| # ifdef HAVE_STDLIB_H
| #  include <stdlib.h>
| # endif
| #endif
| #ifdef HAVE_STRING_H
| # if !defined STDC_HEADERS && defined HAVE_MEMORY_H
| #  include <memory.h>
| # endif
| # include <string.h>
| #endif
| #ifdef HAVE_STRINGS_H
| # include <strings.h>
| #endif
| #ifdef HAVE_INTTYPES_H
| # include <inttypes.h>
| #endif
| #ifdef HAVE_STDINT_H
| # include <stdint.h>
| #endif
| #ifdef HAVE_UNISTD_H
| # include <unistd.h>
| #endif
| #include <m_pd.h>
configure:22516: result: no
configure:22520: checking m_pd.h presence
configure:22535: gcc -E  conftest.c
conftest.c:38:18: error: m_pd.h: No such file or directory
configure:22541: $? = 1
configure: failed program was:
| /* confdefs.h.  */
| #define PACKAGE_NAME ""
| #define PACKAGE_TARNAME ""
| #define PACKAGE_VERSION ""
| #define PACKAGE_STRING ""
| #define PACKAGE_BUGREPORT ""
| #define PACKAGE "aubio"
| #define VERSION "0.3.2"
| #define STDC_HEADERS 1
| #define HAVE_SYS_TYPES_H 1
| #define HAVE_SYS_STAT_H 1
| #define HAVE_STDLIB_H 1
| #define HAVE_STRING_H 1
| #define HAVE_MEMORY_H 1
| #define HAVE_STRINGS_H 1
| #define HAVE_INTTYPES_H 1
| #define HAVE_STDINT_H 1
| #define HAVE_UNISTD_H 1
| #define HAVE_DLFCN_H 1
| #define HAVE_LIBPTHREAD 1
| #define STDC_HEADERS 1
| #define HAVE_STRING_H 1
| #define HAVE_STDLIB_H 1
| #define HAVE_STDIO_H 1
| #define HAVE_MATH_H 1
| #define HAVE_ERRNO_H 1
| #define HAVE_STDARG_H 1
| #define HAVE_UNISTD_H 1
| #define HAVE_SIGNAL_H 1
| #define HAVE_FFTW3_H 1
| #define HAVE_COMPLEX_H 1
| #define HAVE_C99_VARARGS_MACROS 1
| #define SNDLIB_SUPPORT 1
| #define FFTW3F_SUPPORT 1
| #define JACK_SUPPORT 1
| #define ALSA_SUPPORT 1
| /* end confdefs.h.  */
| #include <m_pd.h>
configure:22562: result: no
configure:22590: checking for m_pd.h
configure:22597: result: no
configure:22604: WARNING: Puredata header not found.
configure:22813: creating ./config.status

## ---------------- ##
## Cache variables. ##
## ---------------- ##

ac_cv_build=i686-pc-linux-gnu
ac_cv_c_compiler_gnu=yes
ac_cv_cc_wextra=yes
ac_cv_cxx_compiler_gnu=yes
ac_cv_env_ALSA_CFLAGS_set=
ac_cv_env_ALSA_CFLAGS_value=
ac_cv_env_ALSA_LIBS_set=
ac_cv_env_ALSA_LIBS_value=
ac_cv_env_CCC_set=
ac_cv_env_CCC_value=
ac_cv_env_CC_set=
ac_cv_env_CC_value=
ac_cv_env_CFLAGS_set=
ac_cv_env_CFLAGS_value=
ac_cv_env_CPPFLAGS_set=
ac_cv_env_CPPFLAGS_value=
ac_cv_env_CPP_set=
ac_cv_env_CPP_value=
ac_cv_env_CXXCPP_set=
ac_cv_env_CXXCPP_value=
ac_cv_env_CXXFLAGS_set=
ac_cv_env_CXXFLAGS_value=
ac_cv_env_CXX_set=
ac_cv_env_CXX_value=
ac_cv_env_F77_set=
ac_cv_env_F77_value=
ac_cv_env_FFLAGS_set=
ac_cv_env_FFLAGS_value=
ac_cv_env_FFTWLIB_CFLAGS_set=
ac_cv_env_FFTWLIB_CFLAGS_value=
ac_cv_env_FFTWLIB_LIBS_set=
ac_cv_env_FFTWLIB_LIBS_value=
ac_cv_env_JACK_CFLAGS_set=
ac_cv_env_JACK_CFLAGS_value=
ac_cv_env_JACK_LIBS_set=
ac_cv_env_JACK_LIBS_value=
ac_cv_env_LASH_CFLAGS_set=
ac_cv_env_LASH_CFLAGS_value=
ac_cv_env_LASH_LIBS_set=
ac_cv_env_LASH_LIBS_value=
ac_cv_env_LDFLAGS_set=
ac_cv_env_LDFLAGS_value=
ac_cv_env_PKG_CONFIG_set=
ac_cv_env_PKG_CONFIG_value=
ac_cv_env_SAMPLERATE_CFLAGS_set=
ac_cv_env_SAMPLERATE_CFLAGS_value=
ac_cv_env_SAMPLERATE_LIBS_set=
ac_cv_env_SAMPLERATE_LIBS_value=
ac_cv_env_SNDLIB_CFLAGS_set=
ac_cv_env_SNDLIB_CFLAGS_value=
ac_cv_env_SNDLIB_LIBS_set=
ac_cv_env_SNDLIB_LIBS_value=
ac_cv_env_build_alias_set=
ac_cv_env_build_alias_value=
ac_cv_env_host_alias_set=
ac_cv_env_host_alias_value=
ac_cv_env_target_alias_set=
ac_cv_env_target_alias_value=
ac_cv_f77_compiler_gnu=yes
ac_cv_func_dlopen=no
ac_cv_func_shl_load=no
ac_cv_header_complex_h=yes
ac_cv_header_dlfcn_h=yes
ac_cv_header_errno_h=yes
ac_cv_header_fftw3_h=yes
ac_cv_header_inttypes_h=yes
ac_cv_header_m_pd_h=no
ac_cv_header_math_h=yes
ac_cv_header_memory_h=yes
ac_cv_header_signal_h=yes
ac_cv_header_stdarg_h=yes
ac_cv_header_stdc=yes
ac_cv_header_stdint_h=yes
ac_cv_header_stdio_h=yes
ac_cv_header_stdlib_h=yes
ac_cv_header_string_h=yes
ac_cv_header_strings_h=yes
ac_cv_header_sys_stat_h=yes
ac_cv_header_sys_types_h=yes
ac_cv_header_unistd_h=yes
ac_cv_host=i686-pc-linux-gnu
ac_cv_lib_dl_dlopen=yes
ac_cv_lib_dld_shl_load=no
ac_cv_lib_pthread_pthread_create=yes
ac_cv_objext=o
ac_cv_path_DOCBOOK_TO_MAN=no
ac_cv_path_EGREP='/bin/grep -E'
ac_cv_path_GREP=/bin/grep
ac_cv_path_PKG_CONFIG=/usr/bin/pkg-config
ac_cv_path_PYTHON=/usr/bin/python
ac_cv_path_SWIG=/usr/bin/swig
ac_cv_path_install='/usr/bin/install -c'
ac_cv_prog_AWK=gawk
ac_cv_prog_CPP='gcc -E'
ac_cv_prog_CXXCPP='g++ -E'
ac_cv_prog_ac_ct_AR=ar
ac_cv_prog_ac_ct_CC=gcc
ac_cv_prog_ac_ct_CXX=g++
ac_cv_prog_ac_ct_F77=gfortran
ac_cv_prog_ac_ct_RANLIB=ranlib
ac_cv_prog_ac_ct_STRIP=strip
ac_cv_prog_cc_c89=
ac_cv_prog_cc_g=yes
ac_cv_prog_cxx_g=yes
ac_cv_prog_f77_g=yes
ac_cv_prog_make_make_set=yes
ac_cv_search_strerror='none required'
ac_cv_varargs_macros=yes
am_cv_CC_dependencies_compiler_type=gcc3
am_cv_CXX_dependencies_compiler_type=gcc3
am_cv_python_platform=linux2
am_cv_python_pyexecdir='${exec_prefix}/lib/python2.6/site-packages'
am_cv_python_pythondir='${prefix}/lib/python2.6/site-packages'
am_cv_python_version=2.6
lt_cv_deplibs_check_method=pass_all
lt_cv_dlopen=dlopen
lt_cv_dlopen_libs=-ldl
lt_cv_dlopen_self=yes
lt_cv_dlopen_self_static=no
lt_cv_file_magic_cmd='$MAGIC_CMD'
lt_cv_file_magic_test_file=
lt_cv_ld_reload_flag=-r
lt_cv_objdir=.libs
lt_cv_path_LD=/usr/i686-pc-linux-gnu/bin/ld
lt_cv_path_LDCXX=/usr/i686-pc-linux-gnu/bin/ld
lt_cv_path_NM='/usr/bin/nm -B'
lt_cv_path_SED=/bin/sed
lt_cv_prog_compiler_c_o=yes
lt_cv_prog_compiler_c_o_CXX=yes
lt_cv_prog_compiler_c_o_F77=yes
lt_cv_prog_compiler_rtti_exceptions=no
lt_cv_prog_gnu_ld=yes
lt_cv_prog_gnu_ldcxx=yes
lt_cv_sys_global_symbol_pipe='sed -n -e '\''s/^.*[ 	]\([ABCDGIRSTW][ABCDGIRSTW]*\)[ 	][ 	]*\([_A-Za-z][_A-Za-z0-9]*\)$/\1 \2 \2/p'\'''
lt_cv_sys_global_symbol_to_c_name_address='sed -n -e '\''s/^: \([^ ]*\) $/  {\"\1\", (lt_ptr) 0},/p'\'' -e '\''s/^[BCDEGRST] \([^ ]*\) \([^ ]*\)$/  {"\2", (lt_ptr) \&\2},/p'\'''
lt_cv_sys_global_symbol_to_cdecl='sed -n -e '\''s/^. .* \(.*\)$/extern int \1;/p'\'''
lt_cv_sys_max_cmd_len=32768
lt_lt_cv_prog_compiler_c_o='"yes"'
lt_lt_cv_prog_compiler_c_o_CXX='"yes"'
lt_lt_cv_prog_compiler_c_o_F77='"yes"'
lt_lt_cv_sys_global_symbol_pipe='"sed -n -e '\''s/^.*[ 	]\\([ABCDGIRSTW][ABCDGIRSTW]*\\)[ 	][ 	]*\\([_A-Za-z][_A-Za-z0-9]*\\)\$/\\1 \\2 \\2/p'\''"'
lt_lt_cv_sys_global_symbol_to_c_name_address='"sed -n -e '\''s/^: \\([^ ]*\\) \$/  {\\\"\\1\\\", (lt_ptr) 0},/p'\'' -e '\''s/^[BCDEGRST] \\([^ ]*\\) \\([^ ]*\\)\$/  {\"\\2\", (lt_ptr) \\&\\2},/p'\''"'
lt_lt_cv_sys_global_symbol_to_cdecl='"sed -n -e '\''s/^. .* \\(.*\\)\$/extern int \\1;/p'\''"'
pkg_cv_ALSA_CFLAGS='-I/usr/include/alsa  '
pkg_cv_ALSA_LIBS='-lasound  '
pkg_cv_FFTWLIB_CFLAGS=' '
pkg_cv_FFTWLIB_LIBS='-lfftw3f -lm  '
pkg_cv_JACK_CFLAGS=' '
pkg_cv_JACK_LIBS='-ljack -lpthread -lrt  '
pkg_cv_SAMPLERATE_CFLAGS=' '
pkg_cv_SAMPLERATE_LIBS='-lsamplerate  '
pkg_cv_SNDLIB_CFLAGS=' '
pkg_cv_SNDLIB_LIBS='-lsndfile  '

## ----------------- ##
## Output variables. ##
## ----------------- ##

ACLOCAL='${SHELL} /home/cameron/Instrument-Trainer/aubio-0.3.2/missing --run aclocal-1.8'
ALSA_CFLAGS='-I/usr/include/alsa  '
ALSA_LIBS='-lasound  '
AMDEPBACKSLASH='\'
AMDEP_FALSE='#'
AMDEP_TRUE=''
AMTAR='${SHELL} /home/cameron/Instrument-Trainer/aubio-0.3.2/missing --run tar'
AR='ar'
AUBIO_CFLAGS=' -Wall -Wextra'
AUTOCONF='${SHELL} /home/cameron/Instrument-Trainer/aubio-0.3.2/missing --run autoconf'
AUTOHEADER='${SHELL} /home/cameron/Instrument-Trainer/aubio-0.3.2/missing --run autoheader'
AUTOMAKE='${SHELL} /home/cameron/Instrument-Trainer/aubio-0.3.2/missing --run automake-1.8'
AWK='gawk'
CC='gcc'
CCDEPMODE='depmode=gcc3'
CFLAGS='-g -O2'
COMPILE_TESTS_FALSE=''
COMPILE_TESTS_TRUE='#'
CPP='gcc -E'
CPPFLAGS=''
CXX='g++'
CXXCPP='g++ -E'
CXXDEPMODE='depmode=gcc3'
CXXFLAGS='-g -O2'
CYGPATH_W='echo'
DARWIN_FALSE=''
DARWIN_TRUE='#'
DEFS='-DHAVE_CONFIG_H'
DEPDIR='.deps'
DOCBOOKFOUND_FALSE=''
DOCBOOKFOUND_TRUE='#'
DOCBOOK_TO_MAN='no'
ECHO='echo'
ECHO_C=''
ECHO_N='-n'
ECHO_T=''
EGREP='/bin/grep -E'
EXEEXT=''
F77='gfortran'
FFLAGS='-g -O2'
FFTWLIB_CFLAGS=' '
FFTWLIB_LIBS='-lfftw3f -lm  '
GREP='/bin/grep'
INSTALL_DATA='${INSTALL} -m 644'
INSTALL_PROGRAM='${INSTALL}'
INSTALL_SCRIPT='${INSTALL}'
INSTALL_STRIP_PROGRAM='${SHELL} $(install_sh) -c -s'
JACK_CFLAGS=' '
JACK_LIBS='-ljack -lpthread -lrt  '
LASH_CFLAGS=''
LASH_LIBS=''
LDFLAGS=''
LIBOBJS=''
LIBS='-lpthread '
LIBTOOL='$(SHELL) $(top_builddir)/libtool'
LN_S='ln -s'
LTLIBOBJS=''
MAINT='#'
MAINTAINER_MODE_FALSE=''
MAINTAINER_MODE_TRUE='#'
MAKEINFO='${SHELL} /home/cameron/Instrument-Trainer/aubio-0.3.2/missing --run makeinfo'
MINGW_FALSE=''
MINGW_TRUE='#'
OBJEXT='o'
PACKAGE='aubio'
PACKAGE_BUGREPORT=''
PACKAGE_NAME=''
PACKAGE_STRING=''
PACKAGE_TARNAME=''
PACKAGE_VERSION=''
PATH_SEPARATOR=':'
PKG_CONFIG='/usr/bin/pkg-config'
PUREDATAFOUND_FALSE=''
PUREDATAFOUND_TRUE='#'
PYTHON='/usr/bin/python'
PYTHONFOUND_FALSE='#'
PYTHONFOUND_TRUE=''
PYTHON_EXEC_PREFIX='${exec_prefix}'
PYTHON_PLATFORM='linux2'
PYTHON_PREFIX='${prefix}'
PYTHON_VERSION='2.6'
RANLIB='ranlib'
SAMPLERATE_CFLAGS=' '
SAMPLERATE_LIBS='-lsamplerate  '
SET_MAKE=''
SHARED_VERSION_INFO='3:1:1'
SHELL='/bin/sh'
SNDLIB_CFLAGS=' '
SNDLIB_LIBS='-lsndfile  '
STRIP='strip'
SWIG='/usr/bin/swig'
SWIGFOUND_FALSE='#'
SWIGFOUND_TRUE=''
VERSION='0.3.2'
ac_ct_CC='gcc'
ac_ct_CXX='g++'
ac_ct_F77='gfortran'
am__fastdepCC_FALSE='#'
am__fastdepCC_TRUE=''
am__fastdepCXX_FALSE='#'
am__fastdepCXX_TRUE=''
am__include='include'
am__leading_dot='.'
am__quote=''
bindir='${exec_prefix}/bin'
build='i686-pc-linux-gnu'
build_alias=''
build_cpu='i686'
build_os='linux-gnu'
build_vendor='pc'
datadir='${datarootdir}'
datarootdir='${prefix}/share'
docdir='${datarootdir}/doc/${PACKAGE}'
dvidir='${docdir}'
exec_prefix='${prefix}'
host='i686-pc-linux-gnu'
host_alias=''
host_cpu='i686'
host_os='linux-gnu'
host_vendor='pc'
htmldir='${docdir}'
includedir='${prefix}/include'
infodir='${datarootdir}/info'
install_sh='/home/cameron/Instrument-Trainer/aubio-0.3.2/install-sh'
libdir='${exec_prefix}/lib'
libexecdir='${exec_prefix}/libexec'
localedir='${datarootdir}/locale'
localstatedir='${prefix}/var'
mandir='${datarootdir}/man'
mkdir_p='mkdir -p -- .'
oldincludedir='/usr/include'
pdfdir='${docdir}'
pkgpyexecdir='${pyexecdir}/aubio'
pkgpythondir='${pythondir}/aubio'
prefix='/usr/local'
program_transform_name='s,x,x,'
psdir='${docdir}'
pyexecdir='${exec_prefix}/lib/python2.6/site-packages'
pythondir='${prefix}/lib/python2.6/site-packages'
sbindir='${exec_prefix}/sbin'
sharedstatedir='${prefix}/com'
sysconfdir='${prefix}/etc'
target_alias=''

## ----------- ##
## confdefs.h. ##
## ----------- ##

#define PACKAGE_NAME ""
#define PACKAGE_TARNAME ""
#define PACKAGE_VERSION ""
#define PACKAGE_STRING ""
#define PACKAGE_BUGREPORT ""
#define PACKAGE "aubio"
#define VERSION "0.3.2"
#define STDC_HEADERS 1
#define HAVE_SYS_TYPES_H 1
#define HAVE_SYS_STAT_H 1
#define HAVE_STDLIB_H 1
#define HAVE_STRING_H 1
#define HAVE_MEMORY_H 1
#define HAVE_STRINGS_H 1
#define HAVE_INTTYPES_H 1
#define HAVE_STDINT_H 1
#define HAVE_UNISTD_H 1
#define HAVE_DLFCN_H 1
#define HAVE_LIBPTHREAD 1
#define STDC_HEADERS 1
#define HAVE_STRING_H 1
#define HAVE_STDLIB_H 1
#define HAVE_STDIO_H 1
#define HAVE_MATH_H 1
#define HAVE_ERRNO_H 1
#define HAVE_STDARG_H 1
#define HAVE_UNISTD_H 1
#define HAVE_SIGNAL_H 1
#define HAVE_FFTW3_H 1
#define HAVE_COMPLEX_H 1
#define HAVE_C99_VARARGS_MACROS 1
#define SNDLIB_SUPPORT 1
#define FFTW3F_SUPPORT 1
#define JACK_SUPPORT 1
#define ALSA_SUPPORT 1

configure: exit 0

## ---------------------- ##
## Running config.status. ##
## ---------------------- ##

This file was extended by config.status, which was
generated by GNU Autoconf 2.60a.  Invocation command line was

  CONFIG_FILES    = 
  CONFIG_HEADERS  = 
  CONFIG_LINKS    = 
  CONFIG_COMMANDS = 
  $ ./config.status 

on tuxygentoo

config.status:702: creating aubio.pc
config.status:702: creating Makefile
config.status:702: creating src/Makefile
config.status:702: creating ext/Makefile
config.status:702: creating examples/Makefile
config.status:702: creating examples/tests/Makefile
config.status:702: creating sounds/Makefile
config.status:702: creating swig/Makefile
config.status:702: creating python/Makefile
config.status:702: creating python/aubio/Makefile
config.status:702: creating plugins/Makefile
config.status:702: creating plugins/audacity/Makefile
config.status:702: creating plugins/audacity/plug-ins/Makefile
config.status:702: creating plugins/wavesurfer/Makefile
config.status:702: creating plugins/puredata/Makefile
config.status:702: creating doc/Makefile
config.status:702: creating src/config.h
config.status:940: src/config.h is unchanged
config.status:986: executing depfiles commands
